#
# There is insufficient memory for the Java Runtime Environment to continue.
# Native memory allocation (mmap) failed to map 264241152 bytes. Error detail: G1 virtual space
# Possible reasons:
#   The system is out of physical RAM or swap space
#   This process is running with CompressedOops enabled, and the Java Heap may be blocking the growth of the native heap
# Possible solutions:
#   Reduce memory load on the system
#   Increase physical memory or swap space
#   Check if swap backing store is full
#   Decrease Java heap size (-Xmx/-Xms)
#   Decrease number of Java threads
#   Decrease Java thread stack sizes (-Xss)
#   Set larger code cache with -XX:ReservedCodeCacheSize=
#   JVM is running with Zero Based Compressed Oops mode in which the Java heap is
#     placed in the first 32GB address space. The Java Heap base address is the
#     maximum limit for the native heap growth. Please use -XX:HeapBaseMinAddress
#     to set the Java Heap base and to place the Java Heap above 32GB virtual address.
# This output file may be truncated or incomplete.
#
#  Out of Memory Error (os_windows.cpp:3825), pid=2528, tid=16768
#
# JRE version:  (17.0.11) (build )
# Java VM: OpenJDK 64-Bit Server VM (17.0.11+0--11852314, mixed mode, sharing, tiered, compressed oops, compressed class ptrs, g1 gc, windows-amd64)
# No core dump will be written. Minidumps are not enabled by default on client versions of Windows
#

---------------  S U M M A R Y ------------

Command Line: org.jetbrains.kotlin.cli.jvm.K2JVMCompiler @D:\Android_projects\app\build\20240930_4850327700231865537.compiler.options

Host: 12th Gen Intel(R) Core(TM) i7-12650H, 16 cores, 15G,  Windows 11 , 64 bit Build 22621 (10.0.22621.3958)
Time: Mon Sep 30 01:11:36 2024 RTZ 2 (s 11 , 64 bit Build 22621 (10.0.22621.3958) elapsed time: 0.012485 seconds (0d 0h 0m 0s)

---------------  T H R E A D  ---------------

Current thread (0x000001ac24b1e760):  JavaThread "Unknown thread" [_thread_in_vm, id=16768, stack(0x000000564a200000,0x000000564a300000)]

Stack: [0x000000564a200000,0x000000564a300000]
Native frames: (J=compiled Java code, j=interpreted, Vv=VM code, C=native code)
V  [jvm.dll+0x687bb9]
V  [jvm.dll+0x84142a]
V  [jvm.dll+0x8430ae]
V  [jvm.dll+0x843713]
V  [jvm.dll+0x24a35f]
V  [jvm.dll+0x684989]
V  [jvm.dll+0x67923a]
V  [jvm.dll+0x30af0b]
V  [jvm.dll+0x3123b6]
V  [jvm.dll+0x361dfe]
V  [jvm.dll+0x36202f]
V  [jvm.dll+0x2e0d38]
V  [jvm.dll+0x2e1ca4]
V  [jvm.dll+0x811f21]
V  [jvm.dll+0x36fb68]
V  [jvm.dll+0x7f0896]
V  [jvm.dll+0x3f3d2f]
V  [jvm.dll+0x3f58e1]
C  [jli.dll+0x528f]
C  [ucrtbase.dll+0x29333]
C  [KERNEL32.DLL+0x1257d]
C  [ntdll.dll+0x5af28]


---------------  P R O C E S S  ---------------

Threads class SMR info:
_java_thread_list=0x00007ffc127eefd8, length=0, elements={
}

Java Threads: ( => current thread )

Other Threads:
  0x000001ac26d1a150 GCTaskThread "GC Thread#0" [stack: 0x000000564a300000,0x000000564a400000] [id=19128]
  0x000001ac26d2ac20 ConcurrentGCThread "G1 Main Marker" [stack: 0x000000564a400000,0x000000564a500000] [id=19300]
  0x000001ac26d2b640 ConcurrentGCThread "G1 Conc#0" [stack: 0x000000564a500000,0x000000564a600000] [id=17088]

[error occurred during error reporting (printing all threads), id 0xc0000005, EXCEPTION_ACCESS_VIOLATION (0xc0000005) at pc=0x00007ffc11fa1907]

VM state: not at safepoint (not fully initialized)

VM Mutex/Monitor currently owned by a thread:  ([mutex/lock_event])
[0x000001ac26cad7c0] Heap_lock - owner thread: 0x000001ac24b1e760

Heap address: 0x0000000704800000, size: 4024 MB, Compressed Oops mode: Zero based, Oop shift amount: 3

CDS archive(s) mapped at: [0x0000000000000000-0x0000000000000000-0x0000000000000000), size 0, SharedBaseAddress: 0x0000000800000000, ArchiveRelocationMode: 1.
Narrow klass base: 0x0000000000000000, Narrow klass shift: 0, Narrow klass range: 0x0

GC Precious Log:
<Empty>

Heap:
 garbage-first heap   total 0K, used 0K [0x0000000704800000, 0x0000000800000000)
  region size 2048K, 0 young (0K), 0 survivors (0K)
 Metaspace       used 0K, committed 0K, reserved 0K
  class space    used 0K, committed 0K, reserved 0K

Heap Regions: E=young(eden), S=young(survivor), O=old, HS=humongous(starts), HC=humongous(continues), CS=collection set, F=free, OA=open archive, CA=closed archive, TAMS=top-at-mark-start (previous, next)

Card table byte_map: [0x000001ac3a1e0000,0x000001ac3a9c0000] _byte_map_base: 0x000001ac369bc000

Marking Bits (Prev, Next): (CMBitMap*) 0x000001ac26d1a770, (CMBitMap*) 0x000001ac26d1a7b0
 Prev Bits: [0x000001ac3b1a0000, 0x000001ac3f080000)
 Next Bits: [0x000001ac3f080000, 0x000001ac42f60000)

GC Heap History (0 events):
No events

Dll operation events (1 events):
Event: 0.008 Loaded shared library C:\Users\Mi\Android_Studio\jbr\bin\java.dll

Deoptimization events (0 events):
No events

Classes unloaded (0 events):
No events

Classes redefined (0 events):
No events

Internal exceptions (0 events):
No events

VM Operations (0 events):
No events

Events (0 events):
No events


Dynamic libraries:
0x00007ff7a3d80000 - 0x00007ff7a3d8a000 	C:\Users\Mi\Android_Studio\jbr\bin\java.exe
0x00007ffc742b0000 - 0x00007ffc744c7000 	C:\Windows\SYSTEM32\ntdll.dll
0x00007ffc73ba0000 - 0x00007ffc73c64000 	C:\Windows\System32\KERNEL32.DLL
0x00007ffc717c0000 - 0x00007ffc71b6d000 	C:\Windows\System32\KERNELBASE.dll
0x00007ffc71ec0000 - 0x00007ffc71fd1000 	C:\Windows\System32\ucrtbase.dll
0x00007ffc69e60000 - 0x00007ffc69e77000 	C:\Users\Mi\Android_Studio\jbr\bin\jli.dll
0x00007ffc722a0000 - 0x00007ffc7244e000 	C:\Windows\System32\USER32.dll
0x00007ffc65550000 - 0x00007ffc6556b000 	C:\Users\Mi\Android_Studio\jbr\bin\VCRUNTIME140.dll
0x00007ffc71600000 - 0x00007ffc71626000 	C:\Windows\System32\win32u.dll
0x00007ffc51f70000 - 0x00007ffc52203000 	C:\Windows\WinSxS\amd64_microsoft.windows.common-controls_6595b64144ccf1df_6.0.22621.3672_none_2713b9d173822955\COMCTL32.dll
0x00007ffc74240000 - 0x00007ffc74269000 	C:\Windows\System32\GDI32.dll
0x00007ffc73500000 - 0x00007ffc735a7000 	C:\Windows\System32\msvcrt.dll
0x00007ffc716a0000 - 0x00007ffc717b9000 	C:\Windows\System32\gdi32full.dll
0x00007ffc71b70000 - 0x00007ffc71c0a000 	C:\Windows\System32\msvcp_win.dll
0x00007ffc73d70000 - 0x00007ffc73da1000 	C:\Windows\System32\IMM32.DLL
0x00007ffc65500000 - 0x00007ffc6550c000 	C:\Users\Mi\Android_Studio\jbr\bin\vcruntime140_1.dll
0x00007ffc30d10000 - 0x00007ffc30d9d000 	C:\Users\Mi\Android_Studio\jbr\bin\msvcp140.dll
0x00007ffc11cb0000 - 0x00007ffc12933000 	C:\Users\Mi\Android_Studio\jbr\bin\server\jvm.dll
0x00007ffc73440000 - 0x00007ffc734f2000 	C:\Windows\System32\ADVAPI32.dll
0x00007ffc73af0000 - 0x00007ffc73b99000 	C:\Windows\System32\sechost.dll
0x00007ffc715d0000 - 0x00007ffc715f8000 	C:\Windows\System32\bcrypt.dll
0x00007ffc724f0000 - 0x00007ffc72604000 	C:\Windows\System32\RPCRT4.dll
0x00007ffc51c30000 - 0x00007ffc51c39000 	C:\Windows\SYSTEM32\WSOCK32.dll
0x00007ffc70590000 - 0x00007ffc705dd000 	C:\Windows\SYSTEM32\POWRPROF.dll
0x00007ffc6bd80000 - 0x00007ffc6bdb4000 	C:\Windows\SYSTEM32\WINMM.dll
0x00007ffc69b20000 - 0x00007ffc69b2a000 	C:\Windows\SYSTEM32\VERSION.dll
0x00007ffc720c0000 - 0x00007ffc72131000 	C:\Windows\System32\WS2_32.dll
0x00007ffc704c0000 - 0x00007ffc704d3000 	C:\Windows\SYSTEM32\UMPDC.dll
0x00007ffc706d0000 - 0x00007ffc706e8000 	C:\Windows\SYSTEM32\kernel.appcore.dll
0x00007ffc6e5d0000 - 0x00007ffc6e5da000 	C:\Users\Mi\Android_Studio\jbr\bin\jimage.dll
0x00007ffc68ce0000 - 0x00007ffc68f12000 	C:\Windows\SYSTEM32\DBGHELP.DLL
0x00007ffc73eb0000 - 0x00007ffc7423e000 	C:\Windows\System32\combase.dll
0x00007ffc71fe0000 - 0x00007ffc720b7000 	C:\Windows\System32\OLEAUT32.dll
0x00007ffc68ca0000 - 0x00007ffc68cd2000 	C:\Windows\SYSTEM32\dbgcore.DLL
0x00007ffc71c10000 - 0x00007ffc71c8b000 	C:\Windows\System32\bcryptPrimitives.dll
0x00007ffc67d50000 - 0x00007ffc67d75000 	C:\Users\Mi\Android_Studio\jbr\bin\java.dll

dbghelp: loaded successfully - version: 4.0.5 - missing functions: none
symbol engine: initialized successfully - sym options: 0x614 - pdb path: .;C:\Users\Mi\Android_Studio\jbr\bin;C:\Windows\SYSTEM32;C:\Windows\WinSxS\amd64_microsoft.windows.common-controls_6595b64144ccf1df_6.0.22621.3672_none_2713b9d173822955;C:\Users\Mi\Android_Studio\jbr\bin\server

VM Arguments:
java_command: org.jetbrains.kotlin.cli.jvm.K2JVMCompiler @D:\Android_projects\app\build\20240930_4850327700231865537.compiler.options
java_class_path (initial): C:\Users\Mi\.gradle\caches\modules-2\files-2.1\org.jetbrains.kotlin\kotlin-compiler-embeddable\1.9.0\2c8c3a7402becca891f12739b3e9fd2dc2adbd7a\kotlin-compiler-embeddable-1.9.0.jar;C:\Users\Mi\.gradle\caches\modules-2\files-2.1\org.jetbrains.kotlin\kotlin-stdlib\1.9.0\8ee15ef0c67dc83d874f412d84378d7f0eb50b63\kotlin-stdlib-1.9.0.jar;C:\Users\Mi\.gradle\caches\modules-2\files-2.1\org.jetbrains.kotlin\kotlin-script-runtime\1.9.0\4b3102cbbb7e1b58d9d1adf89563f00069ffa7d1\kotlin-script-runtime-1.9.0.jar;C:\Users\Mi\.gradle\caches\modules-2\files-2.1\org.jetbrains.kotlin\kotlin-reflect\1.6.10\1cbe9c92c12a94eea200d23c2bbaedaf3daf5132\kotlin-reflect-1.6.10.jar;C:\Users\Mi\.gradle\caches\modules-2\files-2.1\org.jetbrains.kotlin\kotlin-daemon-embeddable\1.9.0\186543f5e28cf8d9a0290fecc2cf34301c40a65c\kotlin-daemon-embeddable-1.9.0.jar;C:\Users\Mi\.gradle\caches\modules-2\files-2.1\org.jetbrains.intellij.deps\trove4j\1.0.20200330\3afb14d5f9ceb459d724e907a21145e8ff394f02\trove4j-1.0.20200330.jar;C:\Users\Mi\.gradle\caches\modules-2\files-2.1\org.jetbrains.kotlin\kotlin-stdlib-common\1.9.0\cd65c21cfd1eec4d44ef09f9f52b6d9f8a720636\kotlin-stdlib-common-1.9.0.jar;C:\Users\Mi\.gradle\caches\modules-2\files-2.1\org.jetbrains\annotations\13.0\919f0dfe192fb4e063e7dacadee7f8bb9a2672a9\annotations-13.0.jar
Launcher Type: SUN_STANDARD

[Global flags]
     intx CICompilerCount                          = 12                                        {product} {ergonomic}
     uint ConcGCThreads                            = 3                                         {product} {ergonomic}
     uint G1ConcRefinementThreads                  = 13                                        {product} {ergonomic}
   size_t G1HeapRegionSize                         = 2097152                                   {product} {ergonomic}
    uintx GCDrainStackTargetSize                   = 64                                        {product} {ergonomic}
   size_t InitialHeapSize                          = 264241152                                 {product} {ergonomic}
   size_t MarkStackSize                            = 4194304                                   {product} {ergonomic}
   size_t MaxHeapSize                              = 4219469824                                {product} {ergonomic}
   size_t MinHeapDeltaBytes                        = 2097152                                   {product} {ergonomic}
   size_t MinHeapSize                              = 8388608                                   {product} {ergonomic}
    uintx NonNMethodCodeHeapSize                   = 7602480                                {pd product} {ergonomic}
    uintx NonProfiledCodeHeapSize                  = 122027880                              {pd product} {ergonomic}
    uintx ProfiledCodeHeapSize                     = 122027880                              {pd product} {ergonomic}
    uintx ReservedCodeCacheSize                    = 251658240                              {pd product} {ergonomic}
     bool SegmentedCodeCache                       = true                                      {product} {ergonomic}
   size_t SoftMaxHeapSize                          = 4219469824                             {manageable} {ergonomic}
     bool UseCompressedClassPointers               = true                           {product lp64_product} {ergonomic}
     bool UseCompressedOops                        = true                           {product lp64_product} {ergonomic}
     bool UseG1GC                                  = true                                      {product} {ergonomic}
     bool UseLargePagesIndividualAllocation        = false                                  {pd product} {ergonomic}

Logging:
Log output configuration:
 #0: stdout all=warning uptime,level,tags
 #1: stderr all=off uptime,level,tags

Environment Variables:
JAVA_HOME=C:\Users\Mi\.jdks\openjdk-20.0.1\
PATH=C:\Users\Mi\Python\Scripts\;C:\Users\Mi\Python\;C:\Windows\system32;C:\Windows;C:\Windows\System32\Wbem;C:\Windows\System32\WindowsPowerShell\v1.0\;C:\Windows\System32\OpenSSH\;C:\Program Files\Git\cmd;C:\Program Files\Git\mingw64\bin;C:\Program Files\Git\usr\bin;C:\Program Files\apache-maven-3.9.2\bin;C:\Users\Mi\.jdks\openjdk-20.0.1\bin;C:\Program Files\dotnet\;C:\Program Files\Go\bin;C:\Program Files\PowerShell\7\;C:\Program Files\NVIDIA Corporation\NVIDIA NvDLISR;C:\Users\Mi\AppData\Local\Microsoft\WindowsApps;;D:\IntelliJ IDEA Community Edition 2023.1.1\bin;;C:\Users\Mi\VS_Code\Microsoft VS Code\bin;C:\Users\Mi\.dotnet\tools;C:\Users\Mi\go\bin;C:\Users\Mi\intelijIdeaUltimate\IntelliJ IDEA 2023.3.4\bin;;D:\DataGrip\DataGrip 2024.1.1\bin;
USERNAME=Mi
OS=Windows_NT
PROCESSOR_IDENTIFIER=Intel64 Family 6 Model 154 Stepping 3, GenuineIntel
TMP=C:\Users\Mi\AppData\Local\Temp
TEMP=C:\Users\Mi\AppData\Local\Temp



Periodic native trim disabled

JNI global refs:
JNI global refs: 0, weak refs: 0

JNI global refs memory usage: 0, weak refs: 0

Process memory usage:
Resident Set Size: 11900K (0% of 16478200K total physical memory with 957240K free physical memory)

OOME stack traces (most recent first):
Classloader memory used:


---------------  S Y S T E M  ---------------

OS:
 Windows 11 , 64 bit Build 22621 (10.0.22621.3958)
OS uptime: 7 days 10:18 hours
Hyper-V role detected

CPU: total 16 (initial active 16) (8 cores per cpu, 2 threads per core) family 6 model 154 stepping 3 microcode 0x421, cx8, cmov, fxsr, ht, mmx, 3dnowpref, sse, sse2, sse3, ssse3, sse4.1, sse4.2, popcnt, lzcnt, tsc, tscinvbit, avx, avx2, aes, erms, clmul, bmi1, bmi2, adx, sha, fma, vzeroupper, clflush, clflushopt, clwb, hv
Processor Information for processor 0
  Max Mhz: 2300, Current Mhz: 2300, Mhz Limit: 2300
Processor Information for processor 1
  Max Mhz: 2300, Current Mhz: 2300, Mhz Limit: 2300
Processor Information for processor 2
  Max Mhz: 2300, Current Mhz: 2300, Mhz Limit: 2300
Processor Information for processor 3
  Max Mhz: 2300, Current Mhz: 2300, Mhz Limit: 2300
Processor Information for processor 4
  Max Mhz: 2300, Current Mhz: 2300, Mhz Limit: 2300
Processor Information for processor 5
  Max Mhz: 2300, Current Mhz: 2300, Mhz Limit: 2300
Processor Information for processor 6
  Max Mhz: 2300, Current Mhz: 2300, Mhz Limit: 2300
Processor Information for processor 7
  Max Mhz: 2300, Current Mhz: 2300, Mhz Limit: 2300
Processor Information for processor 8
  Max Mhz: 2300, Current Mhz: 2300, Mhz Limit: 2300
Processor Information for processor 9
  Max Mhz: 2300, Current Mhz: 2300, Mhz Limit: 2300
Processor Information for processor 10
  Max Mhz: 2300, Current Mhz: 2300, Mhz Limit: 2300
Processor Information for processor 11
  Max Mhz: 2300, Current Mhz: 2300, Mhz Limit: 2300
Processor Information for processor 12
  Max Mhz: 2300, Current Mhz: 1700, Mhz Limit: 1679
Processor Information for processor 13
  Max Mhz: 2300, Current Mhz: 1500, Mhz Limit: 1679
Processor Information for processor 14
  Max Mhz: 2300, Current Mhz: 1700, Mhz Limit: 1679
Processor Information for processor 15
  Max Mhz: 2300, Current Mhz: 1500, Mhz Limit: 1679

Memory: 4k page, system-wide physical 16091M (934M free)
TotalPageFile size 18139M (AvailPageFile size 122M)
current process WorkingSet (physical memory assigned to process): 11M, peak: 11M
current process commit charge ("private bytes"): 71M, peak: 322M

vm_info: OpenJDK 64-Bit Server VM (17.0.11+0--11852314) for windows-amd64 JRE (17.0.11+0--11852314), built on May 16 2024 21:29:20 by "androidbuild" with MS VC++ 16.10 / 16.11 (VS2019)

END.
