#
# There is insufficient memory for the Java Runtime Environment to continue.
# Native memory allocation (malloc) failed to allocate 2439056 bytes for Chunk::new
# Possible reasons:
#   The system is out of physical RAM or swap space
#   The process is running with CompressedOops enabled, and the Java Heap may be blocking the growth of the native heap
# Possible solutions:
#   Reduce memory load on the system
#   Increase physical memory or swap space
#   Check if swap backing store is full
#   Decrease Java heap size (-Xmx/-Xms)
#   Decrease number of Java threads
#   Decrease Java thread stack sizes (-Xss)
#   Set larger code cache with -XX:ReservedCodeCacheSize=
#   JVM is running with Unscaled Compressed Oops mode in which the Java heap is
#     placed in the first 4GB address space. The Java Heap base address is the
#     maximum limit for the native heap growth. Please use -XX:HeapBaseMinAddress
#     to set the Java Heap base and to place the Java Heap above 4GB virtual address.
# This output file may be truncated or incomplete.
#
#  Out of Memory Error (arena.cpp:184), pid=21684, tid=9692
#
# JRE version: OpenJDK Runtime Environment (20.0.1+9) (build 20.0.1+9-29)
# Java VM: OpenJDK 64-Bit Server VM (20.0.1+9-29, mixed mode, sharing, tiered, compressed oops, compressed class ptrs, g1 gc, windows-amd64)
# No core dump will be written. Minidumps are not enabled by default on client versions of Windows
#

---------------  S U M M A R Y ------------

Command Line: --add-opens=java.base/java.util=ALL-UNNAMED --add-opens=java.base/java.lang=ALL-UNNAMED --add-opens=java.base/java.lang.invoke=ALL-UNNAMED --add-opens=java.prefs/java.util.prefs=ALL-UNNAMED --add-opens=java.base/java.nio.charset=ALL-UNNAMED --add-opens=java.base/java.net=ALL-UNNAMED --add-opens=java.base/java.util.concurrent.atomic=ALL-UNNAMED -Xmx2048m -Dfile.encoding=UTF-8 -Duser.country=RU -Duser.language=ru -Duser.variant -javaagent:C:\Users\Mi\.gradle\wrapper\dists\gradle-8.7-bin\bhs2wmbdwecv87pi65oeuq5iu\gradle-8.7\lib\agents\gradle-instrumentation-agent-8.7.jar org.gradle.launcher.daemon.bootstrap.GradleDaemon 8.7

Host: 12th Gen Intel(R) Core(TM) i7-12650H, 16 cores, 15G,  Windows 11 , 64 bit Build 22621 (10.0.22621.3958)
Time: Mon Sep 30 00:26:17 2024 RTZ 2 (s 11 , 64 bit Build 22621 (10.0.22621.3958) elapsed time: 40.946358 seconds (0d 0h 0m 40s)

---------------  T H R E A D  ---------------

Current thread (0x00000245c5ad0e40):  JavaThread "C2 CompilerThread1" daemon [_thread_in_native, id=9692, stack(0x0000009c4c000000,0x0000009c4c100000)]


Current CompileTask:
C2:  40946 19103       4       org.gradle.internal.instantiation.generator.AbstractClassGenerator::inspectType (560 bytes)

Stack: [0x0000009c4c000000,0x0000009c4c100000]
Native frames: (J=compiled Java code, j=interpreted, Vv=VM code, C=native code)
V  [jvm.dll+0x6bb95a]
V  [jvm.dll+0x8485fa]
V  [jvm.dll+0x84a1f5]
V  [jvm.dll+0x84a8f3]
V  [jvm.dll+0x280b0f]
V  [jvm.dll+0xc2b11]
V  [jvm.dll+0xc2e35]
V  [jvm.dll+0x3bb142]
V  [jvm.dll+0x3857f5]
V  [jvm.dll+0x384c6a]
V  [jvm.dll+0x24b259]
V  [jvm.dll+0x24a651]
V  [jvm.dll+0x1ce491]
V  [jvm.dll+0x259e1b]
V  [jvm.dll+0x2584f0]
V  [jvm.dll+0x3f2895]
V  [jvm.dll+0x7f4b56]
V  [jvm.dll+0x6ba5cb]
C  [ucrtbase.dll+0x29333]
C  [KERNEL32.DLL+0x1257d]
C  [ntdll.dll+0x5af28]


---------------  P R O C E S S  ---------------

Threads class SMR info:
_java_thread_list=0x00000245bf6027c0, length=88, elements={
0x000002459d276750, 0x00000245ba78d020, 0x00000245ba78de20, 0x00000245ba816fd0,
0x00000245ba819920, 0x00000245ba81a390, 0x00000245ba8232f0, 0x00000245ba82f0c0,
0x00000245ba82fa40, 0x00000245ba967020, 0x00000245baace000, 0x00000245bfdee7b0,
0x00000245ba95d3b0, 0x00000245c0fec430, 0x00000245bab05980, 0x00000245bab05ed0,
0x00000245bab06970, 0x00000245bab06ec0, 0x00000245bab05430, 0x00000245bab06420,
0x00000245bab04ee0, 0x00000245bab07410, 0x00000245bab08400, 0x00000245bab07960,
0x00000245c33aa5e0, 0x00000245c33ad5b0, 0x00000245c33a7610, 0x00000245c33a7b60,
0x00000245c33ab080, 0x00000245c33ac5c0, 0x00000245c33ab5d0, 0x00000245c1bfbad0,
0x00000245c529cf20, 0x00000245c529c480, 0x00000245c529bf30, 0x00000245c52a2420,
0x00000245c52a3410, 0x00000245c52a2970, 0x00000245c52a2ec0, 0x00000245c52a3960,
0x00000245c529d470, 0x00000245c52a0ee0, 0x00000245c529f450, 0x00000245c52a1980,
0x00000245c529d9c0, 0x00000245c529e9b0, 0x00000245c529df10, 0x00000245c52a0440,
0x00000245c529ef00, 0x00000245c529f9a0, 0x00000245c529fef0, 0x00000245c52a0990,
0x00000245c52a1430, 0x00000245c52a1ed0, 0x00000245c4b8f0e0, 0x00000245c4b92600,
0x00000245c4b8c110, 0x00000245c4b8fb80, 0x00000245c4b8f630, 0x00000245c4b900d0,
0x00000245c4b90620, 0x00000245c4b91610, 0x00000245c4b920b0, 0x00000245c4b8abd0,
0x00000245c55f1130, 0x00000245c09823b0, 0x00000245c09839f0, 0x00000245c5ad0e40,
0x00000245c5ad1ef0, 0x00000245c2884a80, 0x00000245c2885fc0, 0x00000245c2886510,
0x00000245c2886a60, 0x00000245c287fad0, 0x00000245c2880020, 0x00000245c2880570,
0x00000245c2880ac0, 0x00000245c2881010, 0x00000245c2881ab0, 0x00000245c2882000,
0x00000245c3b854d0, 0x00000245c3b884a0, 0x00000245c3b85a20, 0x00000245c3b85f70,
0x00000245c3b8af20, 0x00000245c3b88f40, 0x00000245c3b889f0, 0x00000245c3b89490
}

Java Threads: ( => current thread )
  0x000002459d276750 JavaThread "main" [_thread_blocked, id=19012, stack(0x0000009c4ac00000,0x0000009c4ad00000)]
  0x00000245ba78d020 JavaThread "Reference Handler" daemon [_thread_blocked, id=19968, stack(0x0000009c4b300000,0x0000009c4b400000)]
  0x00000245ba78de20 JavaThread "Finalizer" daemon [_thread_blocked, id=15500, stack(0x0000009c4b400000,0x0000009c4b500000)]
  0x00000245ba816fd0 JavaThread "Signal Dispatcher" daemon [_thread_blocked, id=20772, stack(0x0000009c4b500000,0x0000009c4b600000)]
  0x00000245ba819920 JavaThread "Attach Listener" daemon [_thread_blocked, id=18564, stack(0x0000009c4b600000,0x0000009c4b700000)]
  0x00000245ba81a390 JavaThread "Service Thread" daemon [_thread_blocked, id=20192, stack(0x0000009c4b700000,0x0000009c4b800000)]
  0x00000245ba8232f0 JavaThread "Monitor Deflation Thread" daemon [_thread_blocked, id=16452, stack(0x0000009c4b800000,0x0000009c4b900000)]
  0x00000245ba82f0c0 JavaThread "C2 CompilerThread0" daemon [_thread_in_native, id=9864, stack(0x0000009c4b900000,0x0000009c4ba00000)]
  0x00000245ba82fa40 JavaThread "C1 CompilerThread0" daemon [_thread_blocked, id=7376, stack(0x0000009c4ba00000,0x0000009c4bb00000)]
  0x00000245ba967020 JavaThread "Common-Cleaner" daemon [_thread_blocked, id=11076, stack(0x0000009c4bc00000,0x0000009c4bd00000)]
  0x00000245baace000 JavaThread "Notification Thread" daemon [_thread_blocked, id=20216, stack(0x0000009c4bd00000,0x0000009c4be00000)]
  0x00000245bfdee7b0 JavaThread "Daemon health stats" [_thread_blocked, id=10352, stack(0x0000009c4c800000,0x0000009c4c900000)]
  0x00000245ba95d3b0 JavaThread "Incoming local TCP Connector on port 63429" [_thread_in_native, id=1680, stack(0x0000009c4c900000,0x0000009c4ca00000)]
  0x00000245c0fec430 JavaThread "Daemon periodic checks" [_thread_blocked, id=23024, stack(0x0000009c4ca00000,0x0000009c4cb00000)]
  0x00000245bab05980 JavaThread "Daemon" [_thread_blocked, id=12556, stack(0x0000009c4bf00000,0x0000009c4c000000)]
  0x00000245bab05ed0 JavaThread "Handler for socket connection from /127.0.0.1:63429 to /127.0.0.1:63430" [_thread_in_native, id=19572, stack(0x0000009c4cb00000,0x0000009c4cc00000)]
  0x00000245bab06970 JavaThread "Cancel handler" [_thread_blocked, id=11956, stack(0x0000009c4cc00000,0x0000009c4cd00000)]
  0x00000245bab06ec0 JavaThread "Daemon worker" [_thread_blocked, id=18548, stack(0x0000009c4cd00000,0x0000009c4ce00000)]
  0x00000245bab05430 JavaThread "Asynchronous log dispatcher for DefaultDaemonConnection: socket connection from /127.0.0.1:63429 to /127.0.0.1:63430" [_thread_blocked, id=7324, stack(0x0000009c4ce00000,0x0000009c4cf00000)]
  0x00000245bab06420 JavaThread "Stdin handler" [_thread_blocked, id=17308, stack(0x0000009c4cf00000,0x0000009c4d000000)]
  0x00000245bab04ee0 JavaThread "Daemon client event forwarder" [_thread_blocked, id=12416, stack(0x0000009c4d000000,0x0000009c4d100000)]
  0x00000245bab07410 JavaThread "Cache worker for journal cache (C:\Users\Mi\.gradle\caches\journal-1)" [_thread_blocked, id=9584, stack(0x0000009c4d100000,0x0000009c4d200000)]
  0x00000245bab08400 JavaThread "File lock request listener" [_thread_in_native, id=17380, stack(0x0000009c4d200000,0x0000009c4d300000)]
  0x00000245bab07960 JavaThread "Cache worker for file hash cache (C:\Users\Mi\.gradle\caches\8.7\fileHashes)" [_thread_blocked, id=14392, stack(0x0000009c4d300000,0x0000009c4d400000)]
  0x00000245c33aa5e0 JavaThread "Cache worker for file hash cache (D:\Android_projects\.gradle\8.7\fileHashes)" [_thread_blocked, id=23448, stack(0x0000009c4d600000,0x0000009c4d700000)]
  0x00000245c33ad5b0 JavaThread "File watcher server" daemon [_thread_in_native, id=22944, stack(0x0000009c4e000000,0x0000009c4e100000)]
  0x00000245c33a7610 JavaThread "File watcher consumer" daemon [_thread_blocked, id=21328, stack(0x0000009c4e100000,0x0000009c4e200000)]
  0x00000245c33a7b60 JavaThread "Cache worker for checksums cache (D:\Android_projects\.gradle\8.7\checksums)" [_thread_blocked, id=20724, stack(0x0000009c4d400000,0x0000009c4d500000)]
  0x00000245c33ab080 JavaThread "Cache worker for cache directory md-supplier (C:\Users\Mi\.gradle\caches\8.7\md-supplier)" [_thread_blocked, id=18740, stack(0x0000009c4d500000,0x0000009c4d600000)]
  0x00000245c33ac5c0 JavaThread "Cache worker for cache directory md-rule (C:\Users\Mi\.gradle\caches\8.7\md-rule)" [_thread_blocked, id=7648, stack(0x0000009c4e200000,0x0000009c4e300000)]
  0x00000245c33ab5d0 JavaThread "Cache worker for file content cache (C:\Users\Mi\.gradle\caches\8.7\fileContent)" [_thread_blocked, id=180, stack(0x0000009c4e300000,0x0000009c4e400000)]
  0x00000245c1bfbad0 JavaThread "Cache worker for Build Output Cleanup Cache (D:\Android_projects\.gradle\buildOutputCleanup)" [_thread_blocked, id=20812, stack(0x0000009c4e500000,0x0000009c4e600000)]
  0x00000245c529cf20 JavaThread "Unconstrained build operations" [_thread_blocked, id=12540, stack(0x0000009c4bb00000,0x0000009c4bc00000)]
  0x00000245c529c480 JavaThread "Unconstrained build operations Thread 2" [_thread_blocked, id=5084, stack(0x0000009c4e400000,0x0000009c4e500000)]
  0x00000245c529bf30 JavaThread "Unconstrained build operations Thread 3" [_thread_blocked, id=16224, stack(0x0000009c4e600000,0x0000009c4e700000)]
  0x00000245c52a2420 JavaThread "Unconstrained build operations Thread 4" [_thread_blocked, id=19712, stack(0x0000009c4e700000,0x0000009c4e800000)]
  0x00000245c52a3410 JavaThread "Unconstrained build operations Thread 5" [_thread_blocked, id=3136, stack(0x0000009c4e800000,0x0000009c4e900000)]
  0x00000245c52a2970 JavaThread "Unconstrained build operations Thread 6" [_thread_blocked, id=7008, stack(0x0000009c4e900000,0x0000009c4ea00000)]
  0x00000245c52a2ec0 JavaThread "Unconstrained build operations Thread 7" [_thread_blocked, id=11320, stack(0x0000009c4ea00000,0x0000009c4eb00000)]
  0x00000245c52a3960 JavaThread "Unconstrained build operations Thread 8" [_thread_blocked, id=9428, stack(0x0000009c4eb00000,0x0000009c4ec00000)]
  0x00000245c529d470 JavaThread "Unconstrained build operations Thread 9" [_thread_blocked, id=11520, stack(0x0000009c4ec00000,0x0000009c4ed00000)]
  0x00000245c52a0ee0 JavaThread "Unconstrained build operations Thread 10" [_thread_blocked, id=14368, stack(0x0000009c4ed00000,0x0000009c4ee00000)]
  0x00000245c529f450 JavaThread "Unconstrained build operations Thread 11" [_thread_blocked, id=8540, stack(0x0000009c4ee00000,0x0000009c4ef00000)]
  0x00000245c52a1980 JavaThread "Unconstrained build operations Thread 12" [_thread_blocked, id=13444, stack(0x0000009c4ef00000,0x0000009c4f000000)]
  0x00000245c529d9c0 JavaThread "Unconstrained build operations Thread 13" [_thread_blocked, id=7272, stack(0x0000009c4f000000,0x0000009c4f100000)]
  0x00000245c529e9b0 JavaThread "Unconstrained build operations Thread 14" [_thread_blocked, id=19116, stack(0x0000009c4f100000,0x0000009c4f200000)]
  0x00000245c529df10 JavaThread "Unconstrained build operations Thread 15" [_thread_blocked, id=13112, stack(0x0000009c4f200000,0x0000009c4f300000)]
  0x00000245c52a0440 JavaThread "Unconstrained build operations Thread 16" [_thread_blocked, id=19632, stack(0x0000009c4f500000,0x0000009c4f600000)]
  0x00000245c529ef00 JavaThread "Unconstrained build operations Thread 17" [_thread_blocked, id=17128, stack(0x0000009c4f600000,0x0000009c4f700000)]
  0x00000245c529f9a0 JavaThread "Unconstrained build operations Thread 18" [_thread_blocked, id=18264, stack(0x0000009c4f700000,0x0000009c4f800000)]
  0x00000245c529fef0 JavaThread "Unconstrained build operations Thread 19" [_thread_blocked, id=6184, stack(0x0000009c4f800000,0x0000009c4f900000)]
  0x00000245c52a0990 JavaThread "Unconstrained build operations Thread 20" [_thread_blocked, id=23140, stack(0x0000009c4f900000,0x0000009c4fa00000)]
  0x00000245c52a1430 JavaThread "Unconstrained build operations Thread 21" [_thread_blocked, id=16108, stack(0x0000009c4fa00000,0x0000009c4fb00000)]
  0x00000245c52a1ed0 JavaThread "Unconstrained build operations Thread 22" [_thread_blocked, id=8912, stack(0x0000009c4fb00000,0x0000009c4fc00000)]
  0x00000245c4b8f0e0 JavaThread "Unconstrained build operations Thread 23" [_thread_blocked, id=5356, stack(0x0000009c4fc00000,0x0000009c4fd00000)]
  0x00000245c4b92600 JavaThread "Unconstrained build operations Thread 24" [_thread_blocked, id=20732, stack(0x0000009c4fd00000,0x0000009c4fe00000)]
  0x00000245c4b8c110 JavaThread "Unconstrained build operations Thread 25" [_thread_blocked, id=412, stack(0x0000009c4fe00000,0x0000009c4ff00000)]
  0x00000245c4b8fb80 JavaThread "Unconstrained build operations Thread 26" [_thread_blocked, id=11492, stack(0x0000009c4ff00000,0x0000009c50000000)]
  0x00000245c4b8f630 JavaThread "Unconstrained build operations Thread 27" [_thread_blocked, id=1240, stack(0x0000009c50000000,0x0000009c50100000)]
  0x00000245c4b900d0 JavaThread "Unconstrained build operations Thread 28" [_thread_blocked, id=8280, stack(0x0000009c50100000,0x0000009c50200000)]
  0x00000245c4b90620 JavaThread "Unconstrained build operations Thread 29" [_thread_blocked, id=18668, stack(0x0000009c50200000,0x0000009c50300000)]
  0x00000245c4b91610 JavaThread "Unconstrained build operations Thread 30" [_thread_blocked, id=3656, stack(0x0000009c50300000,0x0000009c50400000)]
  0x00000245c4b920b0 JavaThread "Memory manager" [_thread_blocked, id=12796, stack(0x0000009c4f400000,0x0000009c4f500000)]
  0x00000245c4b8abd0 JavaThread "build event listener" [_thread_blocked, id=13516, stack(0x0000009c50500000,0x0000009c50600000)]
  0x00000245c55f1130 JavaThread "C1 CompilerThread1" daemon [_thread_blocked, id=11416, stack(0x0000009c4f300000,0x0000009c4f400000)]
  0x00000245c09823b0 JavaThread "C1 CompilerThread2" daemon [_thread_blocked, id=19652, stack(0x0000009c50400000,0x0000009c50500000)]
  0x00000245c09839f0 JavaThread "C1 CompilerThread3" daemon [_thread_blocked, id=22708, stack(0x0000009c50600000,0x0000009c50700000)]
=>0x00000245c5ad0e40 JavaThread "C2 CompilerThread1" daemon [_thread_in_native, id=9692, stack(0x0000009c4c000000,0x0000009c4c100000)]
  0x00000245c5ad1ef0 JavaThread "C2 CompilerThread2" daemon [_thread_in_native, id=15616, stack(0x0000009c4c100000,0x0000009c4c200000)]
  0x00000245c2884a80 JavaThread "pool-3-thread-1" [_thread_blocked, id=21040, stack(0x0000009c4c200000,0x0000009c4c300000)]
  0x00000245c2885fc0 JavaThread "build event listener" [_thread_blocked, id=3664, stack(0x0000009c50700000,0x0000009c50800000)]
  0x00000245c2886510 JavaThread "included builds" [_thread_in_vm, id=23304, stack(0x0000009c50800000,0x0000009c50900000)]
  0x00000245c2886a60 JavaThread "Execution worker" [_thread_blocked, id=9408, stack(0x0000009c50900000,0x0000009c50a00000)]
  0x00000245c287fad0 JavaThread "Execution worker Thread 2" [_thread_blocked, id=8444, stack(0x0000009c50a00000,0x0000009c50b00000)]
  0x00000245c2880020 JavaThread "Execution worker Thread 3" [_thread_blocked, id=17892, stack(0x0000009c50b00000,0x0000009c50c00000)]
  0x00000245c2880570 JavaThread "Execution worker Thread 4" [_thread_blocked, id=15736, stack(0x0000009c50c00000,0x0000009c50d00000)]
  0x00000245c2880ac0 JavaThread "Execution worker Thread 5" [_thread_blocked, id=10372, stack(0x0000009c50d00000,0x0000009c50e00000)]
  0x00000245c2881010 JavaThread "Execution worker Thread 6" [_thread_blocked, id=2000, stack(0x0000009c50e00000,0x0000009c50f00000)]
  0x00000245c2881ab0 JavaThread "Execution worker Thread 7" [_thread_blocked, id=4512, stack(0x0000009c50f00000,0x0000009c51000000)]
  0x00000245c2882000 JavaThread "Execution worker Thread 8" [_thread_blocked, id=16824, stack(0x0000009c51000000,0x0000009c51100000)]
  0x00000245c3b854d0 JavaThread "Execution worker Thread 9" [_thread_blocked, id=21336, stack(0x0000009c51100000,0x0000009c51200000)]
  0x00000245c3b884a0 JavaThread "Execution worker Thread 10" [_thread_blocked, id=18956, stack(0x0000009c51200000,0x0000009c51300000)]
  0x00000245c3b85a20 JavaThread "Execution worker Thread 11" [_thread_blocked, id=22656, stack(0x0000009c51300000,0x0000009c51400000)]
  0x00000245c3b85f70 JavaThread "Execution worker Thread 12" [_thread_blocked, id=20056, stack(0x0000009c51400000,0x0000009c51500000)]
  0x00000245c3b8af20 JavaThread "Execution worker Thread 13" [_thread_blocked, id=21892, stack(0x0000009c51500000,0x0000009c51600000)]
  0x00000245c3b88f40 JavaThread "Execution worker Thread 14" [_thread_blocked, id=22760, stack(0x0000009c51600000,0x0000009c51700000)]
  0x00000245c3b889f0 JavaThread "Execution worker Thread 15" [_thread_blocked, id=17788, stack(0x0000009c51700000,0x0000009c51800000)]
  0x00000245c3b89490 JavaThread "Cache worker for execution history cache (D:\Android_projects\.gradle\8.7\executionHistory)" [_thread_blocked, id=7496, stack(0x0000009c51800000,0x0000009c51900000)]

Other Threads:
  0x00000245ba811ce0 VMThread "VM Thread" [stack: 0x0000009c4b200000,0x0000009c4b300000] [id=11100]
  0x000002459d277770 WatcherThread "VM Periodic Task Thread" [stack: 0x0000009c4be00000,0x0000009c4bf00000] [id=19568]
  0x000002459d2d6610 WorkerThread "GC Thread#0" [stack: 0x0000009c4ad00000,0x0000009c4ae00000] [id=20284]
  0x00000245baae0410 WorkerThread "GC Thread#1" [stack: 0x0000009c4c300000,0x0000009c4c400000] [id=19920]
  0x00000245baadfe70 WorkerThread "GC Thread#2" [stack: 0x0000009c4c400000,0x0000009c4c500000] [id=10216]
  0x00000245baae06e0 WorkerThread "GC Thread#3" [stack: 0x0000009c4c500000,0x0000009c4c600000] [id=16940]
  0x00000245baae09b0 WorkerThread "GC Thread#4" [stack: 0x0000009c4c600000,0x0000009c4c700000] [id=15404]
  0x00000245baae0c80 WorkerThread "GC Thread#5" [stack: 0x0000009c4c700000,0x0000009c4c800000] [id=22256]
  0x00000245c0b4b710 WorkerThread "GC Thread#6" [stack: 0x0000009c4d700000,0x0000009c4d800000] [id=18556]
  0x00000245c0b4d8d0 WorkerThread "GC Thread#7" [stack: 0x0000009c4d800000,0x0000009c4d900000] [id=3432]
  0x00000245c0b4a090 WorkerThread "GC Thread#8" [stack: 0x0000009c4d900000,0x0000009c4da00000] [id=21256]
  0x00000245c0b4abd0 WorkerThread "GC Thread#9" [stack: 0x0000009c4da00000,0x0000009c4db00000] [id=12388]
  0x00000245c0b4b170 WorkerThread "GC Thread#10" [stack: 0x0000009c4db00000,0x0000009c4dc00000] [id=14740]
  0x00000245c0b4bf80 WorkerThread "GC Thread#11" [stack: 0x0000009c4dc00000,0x0000009c4dd00000] [id=18460]
  0x00000245c0b4b9e0 WorkerThread "GC Thread#12" [stack: 0x0000009c4dd00000,0x0000009c4de00000] [id=23144]
  0x000002459d2e7520 ConcurrentGCThread "G1 Main Marker" [stack: 0x0000009c4ae00000,0x0000009c4af00000] [id=21764]
  0x000002459d2e80f0 WorkerThread "G1 Conc#0" [stack: 0x0000009c4af00000,0x0000009c4b000000] [id=10672]
  0x00000245c0b4c250 WorkerThread "G1 Conc#1" [stack: 0x0000009c4de00000,0x0000009c4df00000] [id=12268]
  0x00000245c0b4c520 WorkerThread "G1 Conc#2" [stack: 0x0000009c4df00000,0x0000009c4e000000] [id=12004]
  0x00000245ba66e6e0 ConcurrentGCThread "G1 Refine#0" [stack: 0x0000009c4b000000,0x0000009c4b100000] [id=17684]
  0x00000245ba66ef90 ConcurrentGCThread "G1 Service" [stack: 0x0000009c4b100000,0x0000009c4b200000] [id=6616]

Threads with active compile tasks:
C2 CompilerThread0    40972 19073       4       org.gradle.internal.service.DefaultServiceRegistry$SingletonService::get (5 bytes)
C2 CompilerThread1    40972 19103       4       org.gradle.internal.instantiation.generator.AbstractClassGenerator::inspectType (560 bytes)
C2 CompilerThread2    40973 19074   !   4       org.gradle.internal.service.DefaultServiceRegistry$ManagedObjectServiceProvider::getInstance (47 bytes)

VM state: not at safepoint (normal execution)

VM Mutex/Monitor currently owned by a thread: None

Heap address: 0x0000000080000000, size: 2048 MB, Compressed Oops mode: 32-bit

CDS archive(s) mapped at: [0x0000000800000000-0x0000000800c60000-0x0000000800c60000), size 12976128, SharedBaseAddress: 0x0000000800000000, ArchiveRelocationMode: 0.
Compressed class space mapped at: 0x0000000801000000-0x0000000841000000, reserved size: 1073741824
Narrow klass base: 0x0000000800000000, Narrow klass shift: 0, Narrow klass range: 0x100000000

GC Precious Log:
 CardTable entry size: 512
 Card Set container configuration: InlinePtr #cards 5 size 8 Array Of Cards #cards 12 size 40 Howl #buckets 4 coarsen threshold 1843 Howl Bitmap #cards 512 size 80 coarsen threshold 460 Card regions per heap region 1 cards per card region 2048
 CPUs: 16 total, 16 available
 Memory: 16091M
 Large Page Support: Disabled
 NUMA Support: Disabled
 Compressed Oops: Enabled (32-bit)
 Heap Region Size: 1M
 Heap Min Capacity: 8M
 Heap Initial Capacity: 252M
 Heap Max Capacity: 2G
 Pre-touch: Disabled
 Parallel Workers: 13
 Concurrent Workers: 3
 Concurrent Refinement Workers: 13
 Periodic GC: Disabled

Heap:
 garbage-first heap   total 285696K, used 223048K [0x0000000080000000, 0x0000000100000000)
  region size 1024K, 76 young (77824K), 12 survivors (12288K)
 Metaspace       used 150419K, committed 153088K, reserved 1245184K
  class space    used 19288K, committed 20608K, reserved 1048576K

Heap Regions: E=young(eden), S=young(survivor), O=old, HS=humongous(starts), HC=humongous(continues), CS=collection set, F=free, OA=open archive, CA=closed archive, TAMS=top-at-mark-start, PB=parsable bottom
|   0|0x0000000080000000, 0x0000000080100000, 0x0000000080100000|100%|HS|  |TAMS 0x0000000080000000| PB 0x0000000080000000| Complete 
|   1|0x0000000080100000, 0x0000000080200000, 0x0000000080200000|100%|HC|  |TAMS 0x0000000080100000| PB 0x0000000080100000| Complete 
|   2|0x0000000080200000, 0x0000000080300000, 0x0000000080300000|100%|HC|  |TAMS 0x0000000080200000| PB 0x0000000080200000| Complete 
|   3|0x0000000080300000, 0x0000000080400000, 0x0000000080400000|100%|HC|  |TAMS 0x0000000080300000| PB 0x0000000080300000| Complete 
|   4|0x0000000080400000, 0x0000000080500000, 0x0000000080500000|100%| O|  |TAMS 0x0000000080400000| PB 0x0000000080400000| Untracked 
|   5|0x0000000080500000, 0x0000000080600000, 0x0000000080600000|100%| O|  |TAMS 0x0000000080500000| PB 0x0000000080500000| Untracked 
|   6|0x0000000080600000, 0x0000000080700000, 0x0000000080700000|100%| O|  |TAMS 0x0000000080600000| PB 0x0000000080600000| Untracked 
|   7|0x0000000080700000, 0x0000000080800000, 0x0000000080800000|100%| O|  |TAMS 0x0000000080700000| PB 0x0000000080700000| Untracked 
|   8|0x0000000080800000, 0x0000000080900000, 0x0000000080900000|100%| O|  |TAMS 0x0000000080800000| PB 0x0000000080800000| Untracked 
|   9|0x0000000080900000, 0x0000000080a00000, 0x0000000080a00000|100%| O|  |TAMS 0x0000000080900000| PB 0x0000000080900000| Untracked 
|  10|0x0000000080a00000, 0x0000000080b00000, 0x0000000080b00000|100%| O|  |TAMS 0x0000000080a00000| PB 0x0000000080a00000| Untracked 
|  11|0x0000000080b00000, 0x0000000080c00000, 0x0000000080c00000|100%| O|  |TAMS 0x0000000080b00000| PB 0x0000000080b00000| Untracked 
|  12|0x0000000080c00000, 0x0000000080d00000, 0x0000000080d00000|100%| O|  |TAMS 0x0000000080c00000| PB 0x0000000080c00000| Untracked 
|  13|0x0000000080d00000, 0x0000000080e00000, 0x0000000080e00000|100%| O|  |TAMS 0x0000000080d00000| PB 0x0000000080d00000| Untracked 
|  14|0x0000000080e00000, 0x0000000080f00000, 0x0000000080f00000|100%| O|  |TAMS 0x0000000080e00000| PB 0x0000000080e00000| Untracked 
|  15|0x0000000080f00000, 0x0000000081000000, 0x0000000081000000|100%| O|  |TAMS 0x0000000080f00000| PB 0x0000000080f00000| Untracked 
|  16|0x0000000081000000, 0x0000000081100000, 0x0000000081100000|100%| O|  |TAMS 0x0000000081000000| PB 0x0000000081000000| Untracked 
|  17|0x0000000081100000, 0x0000000081200000, 0x0000000081200000|100%|HS|  |TAMS 0x0000000081100000| PB 0x0000000081100000| Complete 
|  18|0x0000000081200000, 0x0000000081300000, 0x0000000081300000|100%|HS|  |TAMS 0x0000000081200000| PB 0x0000000081200000| Complete 
|  19|0x0000000081300000, 0x0000000081400000, 0x0000000081400000|100%|HS|  |TAMS 0x0000000081300000| PB 0x0000000081300000| Complete 
|  20|0x0000000081400000, 0x0000000081500000, 0x0000000081500000|100%|HS|  |TAMS 0x0000000081400000| PB 0x0000000081400000| Complete 
|  21|0x0000000081500000, 0x0000000081600000, 0x0000000081600000|100%|HS|  |TAMS 0x0000000081500000| PB 0x0000000081500000| Complete 
|  22|0x0000000081600000, 0x0000000081600000, 0x0000000081700000|  0%| F|  |TAMS 0x0000000081600000| PB 0x0000000081600000| Untracked 
|  23|0x0000000081700000, 0x0000000081700000, 0x0000000081800000|  0%| F|  |TAMS 0x0000000081700000| PB 0x0000000081700000| Untracked 
|  24|0x0000000081800000, 0x0000000081900000, 0x0000000081900000|100%| O|  |TAMS 0x0000000081800000| PB 0x0000000081800000| Untracked 
|  25|0x0000000081900000, 0x0000000081a00000, 0x0000000081a00000|100%| O|  |TAMS 0x0000000081900000| PB 0x0000000081900000| Untracked 
|  26|0x0000000081a00000, 0x0000000081b00000, 0x0000000081b00000|100%| O|  |TAMS 0x0000000081a00000| PB 0x0000000081a00000| Complete 
|  27|0x0000000081b00000, 0x0000000081c00000, 0x0000000081c00000|100%| O|  |TAMS 0x0000000081b00000| PB 0x0000000081b00000| Untracked 
|  28|0x0000000081c00000, 0x0000000081d00000, 0x0000000081d00000|100%| O|  |TAMS 0x0000000081c00000| PB 0x0000000081c00000| Untracked 
|  29|0x0000000081d00000, 0x0000000081e00000, 0x0000000081e00000|100%| O|  |TAMS 0x0000000081d00000| PB 0x0000000081d00000| Untracked 
|  30|0x0000000081e00000, 0x0000000081f00000, 0x0000000081f00000|100%| O|  |TAMS 0x0000000081e00000| PB 0x0000000081e00000| Untracked 
|  31|0x0000000081f00000, 0x0000000082000000, 0x0000000082000000|100%| O|  |TAMS 0x0000000081f00000| PB 0x0000000081f00000| Untracked 
|  32|0x0000000082000000, 0x0000000082100000, 0x0000000082100000|100%| O|  |TAMS 0x0000000082000000| PB 0x0000000082000000| Untracked 
|  33|0x0000000082100000, 0x0000000082200000, 0x0000000082200000|100%| O|  |TAMS 0x0000000082100000| PB 0x0000000082100000| Untracked 
|  34|0x0000000082200000, 0x0000000082300000, 0x0000000082300000|100%| O|  |TAMS 0x0000000082200000| PB 0x0000000082200000| Untracked 
|  35|0x0000000082300000, 0x0000000082400000, 0x0000000082400000|100%| O|  |TAMS 0x0000000082300000| PB 0x0000000082300000| Untracked 
|  36|0x0000000082400000, 0x0000000082500000, 0x0000000082500000|100%| O|  |TAMS 0x0000000082400000| PB 0x0000000082400000| Untracked 
|  37|0x0000000082500000, 0x0000000082600000, 0x0000000082600000|100%| O|  |TAMS 0x0000000082500000| PB 0x0000000082500000| Untracked 
|  38|0x0000000082600000, 0x0000000082700000, 0x0000000082700000|100%| O|  |TAMS 0x0000000082600000| PB 0x0000000082600000| Untracked 
|  39|0x0000000082700000, 0x0000000082800000, 0x0000000082800000|100%| O|  |TAMS 0x0000000082700000| PB 0x0000000082700000| Complete 
|  40|0x0000000082800000, 0x0000000082900000, 0x0000000082900000|100%| O|  |TAMS 0x0000000082800000| PB 0x0000000082800000| Untracked 
|  41|0x0000000082900000, 0x0000000082a00000, 0x0000000082a00000|100%| O|  |TAMS 0x0000000082900000| PB 0x0000000082900000| Untracked 
|  42|0x0000000082a00000, 0x0000000082b00000, 0x0000000082b00000|100%|HS|  |TAMS 0x0000000082a00000| PB 0x0000000082a00000| Complete 
|  43|0x0000000082b00000, 0x0000000082c00000, 0x0000000082c00000|100%| O|  |TAMS 0x0000000082b00000| PB 0x0000000082b00000| Untracked 
|  44|0x0000000082c00000, 0x0000000082d00000, 0x0000000082d00000|100%| O|  |TAMS 0x0000000082c00000| PB 0x0000000082c00000| Untracked 
|  45|0x0000000082d00000, 0x0000000082e00000, 0x0000000082e00000|100%| O|  |TAMS 0x0000000082d00000| PB 0x0000000082d00000| Untracked 
|  46|0x0000000082e00000, 0x0000000082f00000, 0x0000000082f00000|100%| O|  |TAMS 0x0000000082e00000| PB 0x0000000082e00000| Untracked 
|  47|0x0000000082f00000, 0x0000000083000000, 0x0000000083000000|100%| O|  |TAMS 0x0000000082f00000| PB 0x0000000082f00000| Untracked 
|  48|0x0000000083000000, 0x0000000083100000, 0x0000000083100000|100%| O|  |TAMS 0x0000000083000000| PB 0x0000000083000000| Untracked 
|  49|0x0000000083100000, 0x0000000083200000, 0x0000000083200000|100%| O|  |TAMS 0x0000000083100000| PB 0x0000000083100000| Untracked 
|  50|0x0000000083200000, 0x0000000083300000, 0x0000000083300000|100%| O|  |TAMS 0x0000000083200000| PB 0x0000000083200000| Untracked 
|  51|0x0000000083300000, 0x0000000083400000, 0x0000000083400000|100%| O|  |TAMS 0x0000000083300000| PB 0x0000000083300000| Untracked 
|  52|0x0000000083400000, 0x0000000083500000, 0x0000000083500000|100%| O|  |TAMS 0x0000000083400000| PB 0x0000000083400000| Complete 
|  53|0x0000000083500000, 0x0000000083600000, 0x0000000083600000|100%| O|  |TAMS 0x0000000083500000| PB 0x0000000083500000| Untracked 
|  54|0x0000000083600000, 0x0000000083700000, 0x0000000083700000|100%| O|  |TAMS 0x0000000083600000| PB 0x0000000083600000| Untracked 
|  55|0x0000000083700000, 0x0000000083800000, 0x0000000083800000|100%| O|  |TAMS 0x0000000083700000| PB 0x0000000083700000| Untracked 
|  56|0x0000000083800000, 0x0000000083900000, 0x0000000083900000|100%| O|  |TAMS 0x0000000083800000| PB 0x0000000083800000| Untracked 
|  57|0x0000000083900000, 0x0000000083a00000, 0x0000000083a00000|100%| O|  |TAMS 0x0000000083900000| PB 0x0000000083900000| Untracked 
|  58|0x0000000083a00000, 0x0000000083b00000, 0x0000000083b00000|100%| O|  |TAMS 0x0000000083a00000| PB 0x0000000083a00000| Untracked 
|  59|0x0000000083b00000, 0x0000000083c00000, 0x0000000083c00000|100%|HS|  |TAMS 0x0000000083b00000| PB 0x0000000083b00000| Complete 
|  60|0x0000000083c00000, 0x0000000083d00000, 0x0000000083d00000|100%|HC|  |TAMS 0x0000000083c00000| PB 0x0000000083c00000| Complete 
|  61|0x0000000083d00000, 0x0000000083e00000, 0x0000000083e00000|100%|HS|  |TAMS 0x0000000083d00000| PB 0x0000000083d00000| Complete 
|  62|0x0000000083e00000, 0x0000000083f00000, 0x0000000083f00000|100%|HS|  |TAMS 0x0000000083e00000| PB 0x0000000083e00000| Complete 
|  63|0x0000000083f00000, 0x0000000084000000, 0x0000000084000000|100%| O|  |TAMS 0x0000000083f00000| PB 0x0000000083f00000| Untracked 
|  64|0x0000000084000000, 0x0000000084100000, 0x0000000084100000|100%|HS|  |TAMS 0x0000000084000000| PB 0x0000000084000000| Complete 
|  65|0x0000000084100000, 0x0000000084200000, 0x0000000084200000|100%| O|  |TAMS 0x0000000084100000| PB 0x0000000084100000| Untracked 
|  66|0x0000000084200000, 0x0000000084300000, 0x0000000084300000|100%| O|  |TAMS 0x0000000084200000| PB 0x0000000084200000| Untracked 
|  67|0x0000000084300000, 0x0000000084400000, 0x0000000084400000|100%| O|  |TAMS 0x0000000084300000| PB 0x0000000084300000| Untracked 
|  68|0x0000000084400000, 0x0000000084500000, 0x0000000084500000|100%|HS|  |TAMS 0x0000000084400000| PB 0x0000000084400000| Complete 
|  69|0x0000000084500000, 0x0000000084600000, 0x0000000084600000|100%| O|  |TAMS 0x0000000084500000| PB 0x0000000084500000| Untracked 
|  70|0x0000000084600000, 0x0000000084700000, 0x0000000084700000|100%| O|  |TAMS 0x0000000084600000| PB 0x0000000084600000| Untracked 
|  71|0x0000000084700000, 0x0000000084800000, 0x0000000084800000|100%|HS|  |TAMS 0x0000000084700000| PB 0x0000000084700000| Complete 
|  72|0x0000000084800000, 0x0000000084900000, 0x0000000084900000|100%|HC|  |TAMS 0x0000000084800000| PB 0x0000000084800000| Complete 
|  73|0x0000000084900000, 0x0000000084a00000, 0x0000000084a00000|100%|HC|  |TAMS 0x0000000084900000| PB 0x0000000084900000| Complete 
|  74|0x0000000084a00000, 0x0000000084b00000, 0x0000000084b00000|100%|HC|  |TAMS 0x0000000084a00000| PB 0x0000000084a00000| Complete 
|  75|0x0000000084b00000, 0x0000000084c00000, 0x0000000084c00000|100%| O|  |TAMS 0x0000000084b00000| PB 0x0000000084b00000| Untracked 
|  76|0x0000000084c00000, 0x0000000084d00000, 0x0000000084d00000|100%| O|  |TAMS 0x0000000084c00000| PB 0x0000000084c00000| Untracked 
|  77|0x0000000084d00000, 0x0000000084e00000, 0x0000000084e00000|100%| O|  |TAMS 0x0000000084d00000| PB 0x0000000084d00000| Untracked 
|  78|0x0000000084e00000, 0x0000000084f00000, 0x0000000084f00000|100%| O|  |TAMS 0x0000000084e00000| PB 0x0000000084e00000| Untracked 
|  79|0x0000000084f00000, 0x0000000085000000, 0x0000000085000000|100%|HS|  |TAMS 0x0000000084f00000| PB 0x0000000084f00000| Complete 
|  80|0x0000000085000000, 0x0000000085100000, 0x0000000085100000|100%|HS|  |TAMS 0x0000000085000000| PB 0x0000000085000000| Complete 
|  81|0x0000000085100000, 0x0000000085200000, 0x0000000085200000|100%|HS|  |TAMS 0x0000000085100000| PB 0x0000000085100000| Complete 
|  82|0x0000000085200000, 0x0000000085300000, 0x0000000085300000|100%|HC|  |TAMS 0x0000000085200000| PB 0x0000000085200000| Complete 
|  83|0x0000000085300000, 0x0000000085400000, 0x0000000085400000|100%| O|  |TAMS 0x0000000085300000| PB 0x0000000085300000| Untracked 
|  84|0x0000000085400000, 0x0000000085500000, 0x0000000085500000|100%|HS|  |TAMS 0x0000000085400000| PB 0x0000000085400000| Complete 
|  85|0x0000000085500000, 0x0000000085600000, 0x0000000085600000|100%|HC|  |TAMS 0x0000000085500000| PB 0x0000000085500000| Complete 
|  86|0x0000000085600000, 0x0000000085700000, 0x0000000085700000|100%|HC|  |TAMS 0x0000000085600000| PB 0x0000000085600000| Complete 
|  87|0x0000000085700000, 0x0000000085800000, 0x0000000085800000|100%|HC|  |TAMS 0x0000000085700000| PB 0x0000000085700000| Complete 
|  88|0x0000000085800000, 0x0000000085900000, 0x0000000085900000|100%| O|  |TAMS 0x0000000085800000| PB 0x0000000085800000| Untracked 
|  89|0x0000000085900000, 0x0000000085a00000, 0x0000000085a00000|100%| O|  |TAMS 0x0000000085900000| PB 0x0000000085900000| Untracked 
|  90|0x0000000085a00000, 0x0000000085b00000, 0x0000000085b00000|100%| O|  |TAMS 0x0000000085a00000| PB 0x0000000085a00000| Untracked 
|  91|0x0000000085b00000, 0x0000000085c00000, 0x0000000085c00000|100%| O|  |TAMS 0x0000000085b00000| PB 0x0000000085b00000| Untracked 
|  92|0x0000000085c00000, 0x0000000085d00000, 0x0000000085d00000|100%| O|  |TAMS 0x0000000085c00000| PB 0x0000000085c00000| Untracked 
|  93|0x0000000085d00000, 0x0000000085e00000, 0x0000000085e00000|100%| O|  |TAMS 0x0000000085d00000| PB 0x0000000085d00000| Untracked 
|  94|0x0000000085e00000, 0x0000000085f00000, 0x0000000085f00000|100%| O|  |TAMS 0x0000000085e00000| PB 0x0000000085e00000| Untracked 
|  95|0x0000000085f00000, 0x0000000086000000, 0x0000000086000000|100%| O|  |TAMS 0x0000000085f00000| PB 0x0000000085f00000| Untracked 
|  96|0x0000000086000000, 0x0000000086100000, 0x0000000086100000|100%| O|  |TAMS 0x0000000086000000| PB 0x0000000086000000| Untracked 
|  97|0x0000000086100000, 0x0000000086200000, 0x0000000086200000|100%| O|  |TAMS 0x0000000086100000| PB 0x0000000086100000| Untracked 
|  98|0x0000000086200000, 0x0000000086300000, 0x0000000086300000|100%| O|  |TAMS 0x0000000086200000| PB 0x0000000086200000| Untracked 
|  99|0x0000000086300000, 0x0000000086400000, 0x0000000086400000|100%| O|  |TAMS 0x0000000086300000| PB 0x0000000086300000| Untracked 
| 100|0x0000000086400000, 0x0000000086500000, 0x0000000086500000|100%| O|  |TAMS 0x0000000086400000| PB 0x0000000086400000| Untracked 
| 101|0x0000000086500000, 0x0000000086600000, 0x0000000086600000|100%| O|  |TAMS 0x0000000086500000| PB 0x0000000086500000| Untracked 
| 102|0x0000000086600000, 0x0000000086700000, 0x0000000086700000|100%| O|  |TAMS 0x0000000086600000| PB 0x0000000086600000| Untracked 
| 103|0x0000000086700000, 0x0000000086800000, 0x0000000086800000|100%| O|  |TAMS 0x0000000086700000| PB 0x0000000086700000| Untracked 
| 104|0x0000000086800000, 0x0000000086900000, 0x0000000086900000|100%| O|  |TAMS 0x0000000086800000| PB 0x0000000086800000| Untracked 
| 105|0x0000000086900000, 0x0000000086a00000, 0x0000000086a00000|100%| O|  |TAMS 0x0000000086900000| PB 0x0000000086900000| Untracked 
| 106|0x0000000086a00000, 0x0000000086b00000, 0x0000000086b00000|100%| O|  |TAMS 0x0000000086a00000| PB 0x0000000086a00000| Untracked 
| 107|0x0000000086b00000, 0x0000000086c00000, 0x0000000086c00000|100%| O|  |TAMS 0x0000000086b00000| PB 0x0000000086b00000| Untracked 
| 108|0x0000000086c00000, 0x0000000086d00000, 0x0000000086d00000|100%| O|  |TAMS 0x0000000086c00000| PB 0x0000000086c00000| Untracked 
| 109|0x0000000086d00000, 0x0000000086e00000, 0x0000000086e00000|100%| O|  |TAMS 0x0000000086d00000| PB 0x0000000086d00000| Untracked 
| 110|0x0000000086e00000, 0x0000000086f00000, 0x0000000086f00000|100%| O|  |TAMS 0x0000000086e00000| PB 0x0000000086e00000| Untracked 
| 111|0x0000000086f00000, 0x0000000087000000, 0x0000000087000000|100%| O|  |TAMS 0x0000000086f00000| PB 0x0000000086f00000| Untracked 
| 112|0x0000000087000000, 0x0000000087100000, 0x0000000087100000|100%| O|  |TAMS 0x0000000087000000| PB 0x0000000087000000| Untracked 
| 113|0x0000000087100000, 0x0000000087200000, 0x0000000087200000|100%| O|  |TAMS 0x0000000087100000| PB 0x0000000087100000| Untracked 
| 114|0x0000000087200000, 0x0000000087300000, 0x0000000087300000|100%| O|  |TAMS 0x0000000087200000| PB 0x0000000087200000| Untracked 
| 115|0x0000000087300000, 0x0000000087400000, 0x0000000087400000|100%| O|  |TAMS 0x0000000087300000| PB 0x0000000087300000| Untracked 
| 116|0x0000000087400000, 0x0000000087500000, 0x0000000087500000|100%| O|  |TAMS 0x0000000087400000| PB 0x0000000087400000| Untracked 
| 117|0x0000000087500000, 0x0000000087600000, 0x0000000087600000|100%| O|  |TAMS 0x0000000087500000| PB 0x0000000087500000| Untracked 
| 118|0x0000000087600000, 0x0000000087700000, 0x0000000087700000|100%| O|  |TAMS 0x0000000087600000| PB 0x0000000087600000| Untracked 
| 119|0x0000000087700000, 0x0000000087800000, 0x0000000087800000|100%| O|  |TAMS 0x0000000087700000| PB 0x0000000087700000| Untracked 
| 120|0x0000000087800000, 0x00000000878a3e00, 0x0000000087900000| 64%| O|  |TAMS 0x0000000087800000| PB 0x0000000087800000| Untracked 
| 121|0x0000000087900000, 0x0000000087900000, 0x0000000087a00000|  0%| F|  |TAMS 0x0000000087900000| PB 0x0000000087900000| Untracked 
| 122|0x0000000087a00000, 0x0000000087a00000, 0x0000000087b00000|  0%| F|  |TAMS 0x0000000087a00000| PB 0x0000000087a00000| Untracked 
| 123|0x0000000087b00000, 0x0000000087b00000, 0x0000000087c00000|  0%| F|  |TAMS 0x0000000087b00000| PB 0x0000000087b00000| Untracked 
| 124|0x0000000087c00000, 0x0000000087c00000, 0x0000000087d00000|  0%| F|  |TAMS 0x0000000087c00000| PB 0x0000000087c00000| Untracked 
| 125|0x0000000087d00000, 0x0000000087d00000, 0x0000000087e00000|  0%| F|  |TAMS 0x0000000087d00000| PB 0x0000000087d00000| Untracked 
| 126|0x0000000087e00000, 0x0000000087e00000, 0x0000000087f00000|  0%| F|  |TAMS 0x0000000087e00000| PB 0x0000000087e00000| Untracked 
| 127|0x0000000087f00000, 0x0000000087f00000, 0x0000000088000000|  0%| F|  |TAMS 0x0000000087f00000| PB 0x0000000087f00000| Untracked 
| 128|0x0000000088000000, 0x0000000088000000, 0x0000000088100000|  0%| F|  |TAMS 0x0000000088000000| PB 0x0000000088000000| Untracked 
| 129|0x0000000088100000, 0x0000000088100000, 0x0000000088200000|  0%| F|  |TAMS 0x0000000088100000| PB 0x0000000088100000| Untracked 
| 130|0x0000000088200000, 0x0000000088200000, 0x0000000088300000|  0%| F|  |TAMS 0x0000000088200000| PB 0x0000000088200000| Untracked 
| 131|0x0000000088300000, 0x0000000088300000, 0x0000000088400000|  0%| F|  |TAMS 0x0000000088300000| PB 0x0000000088300000| Untracked 
| 132|0x0000000088400000, 0x0000000088400000, 0x0000000088500000|  0%| F|  |TAMS 0x0000000088400000| PB 0x0000000088400000| Untracked 
| 133|0x0000000088500000, 0x0000000088500000, 0x0000000088600000|  0%| F|  |TAMS 0x0000000088500000| PB 0x0000000088500000| Untracked 
| 134|0x0000000088600000, 0x0000000088600000, 0x0000000088700000|  0%| F|  |TAMS 0x0000000088600000| PB 0x0000000088600000| Untracked 
| 135|0x0000000088700000, 0x0000000088700000, 0x0000000088800000|  0%| F|  |TAMS 0x0000000088700000| PB 0x0000000088700000| Untracked 
| 136|0x0000000088800000, 0x000000008882e3b8, 0x0000000088900000| 18%| S|CS|TAMS 0x0000000088800000| PB 0x0000000088800000| Complete 
| 137|0x0000000088900000, 0x0000000088900000, 0x0000000088a00000|  0%| F|  |TAMS 0x0000000088900000| PB 0x0000000088900000| Untracked 
| 138|0x0000000088a00000, 0x0000000088a00000, 0x0000000088b00000|  0%| F|  |TAMS 0x0000000088a00000| PB 0x0000000088a00000| Untracked 
| 139|0x0000000088b00000, 0x0000000088b00000, 0x0000000088c00000|  0%| F|  |TAMS 0x0000000088b00000| PB 0x0000000088b00000| Untracked 
| 140|0x0000000088c00000, 0x0000000088c00000, 0x0000000088d00000|  0%| F|  |TAMS 0x0000000088c00000| PB 0x0000000088c00000| Untracked 
| 141|0x0000000088d00000, 0x0000000088d00000, 0x0000000088e00000|  0%| F|  |TAMS 0x0000000088d00000| PB 0x0000000088d00000| Untracked 
| 142|0x0000000088e00000, 0x0000000088e00000, 0x0000000088f00000|  0%| F|  |TAMS 0x0000000088e00000| PB 0x0000000088e00000| Untracked 
| 143|0x0000000088f00000, 0x0000000088f00000, 0x0000000089000000|  0%| F|  |TAMS 0x0000000088f00000| PB 0x0000000088f00000| Untracked 
| 144|0x0000000089000000, 0x0000000089000000, 0x0000000089100000|  0%| F|  |TAMS 0x0000000089000000| PB 0x0000000089000000| Untracked 
| 145|0x0000000089100000, 0x0000000089100000, 0x0000000089200000|  0%| F|  |TAMS 0x0000000089100000| PB 0x0000000089100000| Untracked 
| 146|0x0000000089200000, 0x0000000089200000, 0x0000000089300000|  0%| F|  |TAMS 0x0000000089200000| PB 0x0000000089200000| Untracked 
| 147|0x0000000089300000, 0x0000000089300000, 0x0000000089400000|  0%| F|  |TAMS 0x0000000089300000| PB 0x0000000089300000| Untracked 
| 148|0x0000000089400000, 0x0000000089400000, 0x0000000089500000|  0%| F|  |TAMS 0x0000000089400000| PB 0x0000000089400000| Untracked 
| 149|0x0000000089500000, 0x0000000089500000, 0x0000000089600000|  0%| F|  |TAMS 0x0000000089500000| PB 0x0000000089500000| Untracked 
| 150|0x0000000089600000, 0x0000000089700000, 0x0000000089700000|100%| S|CS|TAMS 0x0000000089600000| PB 0x0000000089600000| Complete 
| 151|0x0000000089700000, 0x0000000089800000, 0x0000000089800000|100%| S|CS|TAMS 0x0000000089700000| PB 0x0000000089700000| Complete 
| 152|0x0000000089800000, 0x0000000089900000, 0x0000000089900000|100%| S|CS|TAMS 0x0000000089800000| PB 0x0000000089800000| Complete 
| 153|0x0000000089900000, 0x0000000089a00000, 0x0000000089a00000|100%| S|CS|TAMS 0x0000000089900000| PB 0x0000000089900000| Complete 
| 154|0x0000000089a00000, 0x0000000089b00000, 0x0000000089b00000|100%| S|CS|TAMS 0x0000000089a00000| PB 0x0000000089a00000| Complete 
| 155|0x0000000089b00000, 0x0000000089c00000, 0x0000000089c00000|100%| S|CS|TAMS 0x0000000089b00000| PB 0x0000000089b00000| Complete 
| 156|0x0000000089c00000, 0x0000000089d00000, 0x0000000089d00000|100%| S|CS|TAMS 0x0000000089c00000| PB 0x0000000089c00000| Complete 
| 157|0x0000000089d00000, 0x0000000089e00000, 0x0000000089e00000|100%| S|CS|TAMS 0x0000000089d00000| PB 0x0000000089d00000| Complete 
| 158|0x0000000089e00000, 0x0000000089f00000, 0x0000000089f00000|100%| S|CS|TAMS 0x0000000089e00000| PB 0x0000000089e00000| Complete 
| 159|0x0000000089f00000, 0x000000008a000000, 0x000000008a000000|100%| S|CS|TAMS 0x0000000089f00000| PB 0x0000000089f00000| Complete 
| 160|0x000000008a000000, 0x000000008a100000, 0x000000008a100000|100%| S|CS|TAMS 0x000000008a000000| PB 0x000000008a000000| Complete 
| 161|0x000000008a100000, 0x000000008a100000, 0x000000008a200000|  0%| F|  |TAMS 0x000000008a100000| PB 0x000000008a100000| Untracked 
| 162|0x000000008a200000, 0x000000008a200000, 0x000000008a300000|  0%| F|  |TAMS 0x000000008a200000| PB 0x000000008a200000| Untracked 
| 163|0x000000008a300000, 0x000000008a300000, 0x000000008a400000|  0%| F|  |TAMS 0x000000008a300000| PB 0x000000008a300000| Untracked 
| 164|0x000000008a400000, 0x000000008a400000, 0x000000008a500000|  0%| F|  |TAMS 0x000000008a400000| PB 0x000000008a400000| Untracked 
| 165|0x000000008a500000, 0x000000008a500000, 0x000000008a600000|  0%| F|  |TAMS 0x000000008a500000| PB 0x000000008a500000| Untracked 
| 166|0x000000008a600000, 0x000000008a600000, 0x000000008a700000|  0%| F|  |TAMS 0x000000008a600000| PB 0x000000008a600000| Untracked 
| 167|0x000000008a700000, 0x000000008a700000, 0x000000008a800000|  0%| F|  |TAMS 0x000000008a700000| PB 0x000000008a700000| Untracked 
| 168|0x000000008a800000, 0x000000008a800000, 0x000000008a900000|  0%| F|  |TAMS 0x000000008a800000| PB 0x000000008a800000| Untracked 
| 169|0x000000008a900000, 0x000000008a900000, 0x000000008aa00000|  0%| F|  |TAMS 0x000000008a900000| PB 0x000000008a900000| Untracked 
| 170|0x000000008aa00000, 0x000000008aa00000, 0x000000008ab00000|  0%| F|  |TAMS 0x000000008aa00000| PB 0x000000008aa00000| Untracked 
| 171|0x000000008ab00000, 0x000000008ab00000, 0x000000008ac00000|  0%| F|  |TAMS 0x000000008ab00000| PB 0x000000008ab00000| Untracked 
| 172|0x000000008ac00000, 0x000000008ac00000, 0x000000008ad00000|  0%| F|  |TAMS 0x000000008ac00000| PB 0x000000008ac00000| Untracked 
| 173|0x000000008ad00000, 0x000000008ad00000, 0x000000008ae00000|  0%| F|  |TAMS 0x000000008ad00000| PB 0x000000008ad00000| Untracked 
| 174|0x000000008ae00000, 0x000000008ae00000, 0x000000008af00000|  0%| F|  |TAMS 0x000000008ae00000| PB 0x000000008ae00000| Untracked 
| 175|0x000000008af00000, 0x000000008af00000, 0x000000008b000000|  0%| F|  |TAMS 0x000000008af00000| PB 0x000000008af00000| Untracked 
| 176|0x000000008b000000, 0x000000008b000000, 0x000000008b100000|  0%| F|  |TAMS 0x000000008b000000| PB 0x000000008b000000| Untracked 
| 177|0x000000008b100000, 0x000000008b100000, 0x000000008b200000|  0%| F|  |TAMS 0x000000008b100000| PB 0x000000008b100000| Untracked 
| 178|0x000000008b200000, 0x000000008b200000, 0x000000008b300000|  0%| F|  |TAMS 0x000000008b200000| PB 0x000000008b200000| Untracked 
| 179|0x000000008b300000, 0x000000008b300000, 0x000000008b400000|  0%| F|  |TAMS 0x000000008b300000| PB 0x000000008b300000| Untracked 
| 180|0x000000008b400000, 0x000000008b400000, 0x000000008b500000|  0%| F|  |TAMS 0x000000008b400000| PB 0x000000008b400000| Untracked 
| 181|0x000000008b500000, 0x000000008b500000, 0x000000008b600000|  0%| F|  |TAMS 0x000000008b500000| PB 0x000000008b500000| Untracked 
| 182|0x000000008b600000, 0x000000008b600000, 0x000000008b700000|  0%| F|  |TAMS 0x000000008b600000| PB 0x000000008b600000| Untracked 
| 183|0x000000008b700000, 0x000000008b700000, 0x000000008b800000|  0%| F|  |TAMS 0x000000008b700000| PB 0x000000008b700000| Untracked 
| 184|0x000000008b800000, 0x000000008b800000, 0x000000008b900000|  0%| F|  |TAMS 0x000000008b800000| PB 0x000000008b800000| Untracked 
| 185|0x000000008b900000, 0x000000008b900000, 0x000000008ba00000|  0%| F|  |TAMS 0x000000008b900000| PB 0x000000008b900000| Untracked 
| 186|0x000000008ba00000, 0x000000008ba00000, 0x000000008bb00000|  0%| F|  |TAMS 0x000000008ba00000| PB 0x000000008ba00000| Untracked 
| 187|0x000000008bb00000, 0x000000008bb00000, 0x000000008bc00000|  0%| F|  |TAMS 0x000000008bb00000| PB 0x000000008bb00000| Untracked 
| 188|0x000000008bc00000, 0x000000008bc00000, 0x000000008bd00000|  0%| F|  |TAMS 0x000000008bc00000| PB 0x000000008bc00000| Untracked 
| 189|0x000000008bd00000, 0x000000008bda5570, 0x000000008be00000| 64%| E|  |TAMS 0x000000008bd00000| PB 0x000000008bd00000| Complete 
| 190|0x000000008be00000, 0x000000008bf00000, 0x000000008bf00000|100%| E|CS|TAMS 0x000000008be00000| PB 0x000000008be00000| Complete 
| 191|0x000000008bf00000, 0x000000008c000000, 0x000000008c000000|100%| E|CS|TAMS 0x000000008bf00000| PB 0x000000008bf00000| Complete 
| 192|0x000000008c000000, 0x000000008c100000, 0x000000008c100000|100%| E|CS|TAMS 0x000000008c000000| PB 0x000000008c000000| Complete 
| 193|0x000000008c100000, 0x000000008c200000, 0x000000008c200000|100%| E|CS|TAMS 0x000000008c100000| PB 0x000000008c100000| Complete 
| 194|0x000000008c200000, 0x000000008c300000, 0x000000008c300000|100%| E|CS|TAMS 0x000000008c200000| PB 0x000000008c200000| Complete 
| 195|0x000000008c300000, 0x000000008c400000, 0x000000008c400000|100%| E|CS|TAMS 0x000000008c300000| PB 0x000000008c300000| Complete 
| 196|0x000000008c400000, 0x000000008c500000, 0x000000008c500000|100%| E|CS|TAMS 0x000000008c400000| PB 0x000000008c400000| Complete 
| 197|0x000000008c500000, 0x000000008c600000, 0x000000008c600000|100%| E|CS|TAMS 0x000000008c500000| PB 0x000000008c500000| Complete 
| 198|0x000000008c600000, 0x000000008c700000, 0x000000008c700000|100%| E|CS|TAMS 0x000000008c600000| PB 0x000000008c600000| Complete 
| 199|0x000000008c700000, 0x000000008c800000, 0x000000008c800000|100%| E|CS|TAMS 0x000000008c700000| PB 0x000000008c700000| Complete 
| 200|0x000000008c800000, 0x000000008c900000, 0x000000008c900000|100%| E|CS|TAMS 0x000000008c800000| PB 0x000000008c800000| Complete 
| 201|0x000000008c900000, 0x000000008ca00000, 0x000000008ca00000|100%| E|CS|TAMS 0x000000008c900000| PB 0x000000008c900000| Complete 
| 202|0x000000008ca00000, 0x000000008cb00000, 0x000000008cb00000|100%| E|CS|TAMS 0x000000008ca00000| PB 0x000000008ca00000| Complete 
| 203|0x000000008cb00000, 0x000000008cc00000, 0x000000008cc00000|100%| E|CS|TAMS 0x000000008cb00000| PB 0x000000008cb00000| Complete 
| 204|0x000000008cc00000, 0x000000008cd00000, 0x000000008cd00000|100%| E|CS|TAMS 0x000000008cc00000| PB 0x000000008cc00000| Complete 
| 205|0x000000008cd00000, 0x000000008ce00000, 0x000000008ce00000|100%| E|CS|TAMS 0x000000008cd00000| PB 0x000000008cd00000| Complete 
| 206|0x000000008ce00000, 0x000000008cf00000, 0x000000008cf00000|100%| E|CS|TAMS 0x000000008ce00000| PB 0x000000008ce00000| Complete 
| 207|0x000000008cf00000, 0x000000008d000000, 0x000000008d000000|100%| E|CS|TAMS 0x000000008cf00000| PB 0x000000008cf00000| Complete 
| 208|0x000000008d000000, 0x000000008d100000, 0x000000008d100000|100%| E|CS|TAMS 0x000000008d000000| PB 0x000000008d000000| Complete 
| 209|0x000000008d100000, 0x000000008d200000, 0x000000008d200000|100%| E|CS|TAMS 0x000000008d100000| PB 0x000000008d100000| Complete 
| 210|0x000000008d200000, 0x000000008d300000, 0x000000008d300000|100%| E|CS|TAMS 0x000000008d200000| PB 0x000000008d200000| Complete 
| 211|0x000000008d300000, 0x000000008d400000, 0x000000008d400000|100%| E|CS|TAMS 0x000000008d300000| PB 0x000000008d300000| Complete 
| 212|0x000000008d400000, 0x000000008d500000, 0x000000008d500000|100%| E|CS|TAMS 0x000000008d400000| PB 0x000000008d400000| Complete 
| 213|0x000000008d500000, 0x000000008d600000, 0x000000008d600000|100%| E|CS|TAMS 0x000000008d500000| PB 0x000000008d500000| Complete 
| 214|0x000000008d600000, 0x000000008d700000, 0x000000008d700000|100%| E|CS|TAMS 0x000000008d600000| PB 0x000000008d600000| Complete 
| 215|0x000000008d700000, 0x000000008d800000, 0x000000008d800000|100%| E|CS|TAMS 0x000000008d700000| PB 0x000000008d700000| Complete 
| 216|0x000000008d800000, 0x000000008d900000, 0x000000008d900000|100%| E|CS|TAMS 0x000000008d800000| PB 0x000000008d800000| Complete 
| 217|0x000000008d900000, 0x000000008da00000, 0x000000008da00000|100%| E|CS|TAMS 0x000000008d900000| PB 0x000000008d900000| Complete 
| 218|0x000000008da00000, 0x000000008db00000, 0x000000008db00000|100%| E|CS|TAMS 0x000000008da00000| PB 0x000000008da00000| Complete 
| 219|0x000000008db00000, 0x000000008dc00000, 0x000000008dc00000|100%| E|CS|TAMS 0x000000008db00000| PB 0x000000008db00000| Complete 
| 220|0x000000008dc00000, 0x000000008dd00000, 0x000000008dd00000|100%| E|CS|TAMS 0x000000008dc00000| PB 0x000000008dc00000| Complete 
| 221|0x000000008dd00000, 0x000000008de00000, 0x000000008de00000|100%| E|CS|TAMS 0x000000008dd00000| PB 0x000000008dd00000| Complete 
| 222|0x000000008de00000, 0x000000008df00000, 0x000000008df00000|100%| E|CS|TAMS 0x000000008de00000| PB 0x000000008de00000| Complete 
| 223|0x000000008df00000, 0x000000008e000000, 0x000000008e000000|100%| E|CS|TAMS 0x000000008df00000| PB 0x000000008df00000| Complete 
| 224|0x000000008e000000, 0x000000008e100000, 0x000000008e100000|100%| E|CS|TAMS 0x000000008e000000| PB 0x000000008e000000| Complete 
| 225|0x000000008e100000, 0x000000008e200000, 0x000000008e200000|100%| E|CS|TAMS 0x000000008e100000| PB 0x000000008e100000| Complete 
| 226|0x000000008e200000, 0x000000008e300000, 0x000000008e300000|100%| E|CS|TAMS 0x000000008e200000| PB 0x000000008e200000| Complete 
| 227|0x000000008e300000, 0x000000008e400000, 0x000000008e400000|100%| E|CS|TAMS 0x000000008e300000| PB 0x000000008e300000| Complete 
| 228|0x000000008e400000, 0x000000008e500000, 0x000000008e500000|100%| E|CS|TAMS 0x000000008e400000| PB 0x000000008e400000| Complete 
| 229|0x000000008e500000, 0x000000008e600000, 0x000000008e600000|100%| E|CS|TAMS 0x000000008e500000| PB 0x000000008e500000| Complete 
| 230|0x000000008e600000, 0x000000008e700000, 0x000000008e700000|100%| E|CS|TAMS 0x000000008e600000| PB 0x000000008e600000| Complete 
| 231|0x000000008e700000, 0x000000008e800000, 0x000000008e800000|100%| E|CS|TAMS 0x000000008e700000| PB 0x000000008e700000| Complete 
| 232|0x000000008e800000, 0x000000008e900000, 0x000000008e900000|100%| E|CS|TAMS 0x000000008e800000| PB 0x000000008e800000| Complete 
| 233|0x000000008e900000, 0x000000008ea00000, 0x000000008ea00000|100%| E|CS|TAMS 0x000000008e900000| PB 0x000000008e900000| Complete 
| 234|0x000000008ea00000, 0x000000008eb00000, 0x000000008eb00000|100%| E|CS|TAMS 0x000000008ea00000| PB 0x000000008ea00000| Complete 
| 235|0x000000008eb00000, 0x000000008ec00000, 0x000000008ec00000|100%| E|CS|TAMS 0x000000008eb00000| PB 0x000000008eb00000| Complete 
| 236|0x000000008ec00000, 0x000000008ed00000, 0x000000008ed00000|100%| E|CS|TAMS 0x000000008ec00000| PB 0x000000008ec00000| Complete 
| 237|0x000000008ed00000, 0x000000008ee00000, 0x000000008ee00000|100%| E|CS|TAMS 0x000000008ed00000| PB 0x000000008ed00000| Complete 
| 238|0x000000008ee00000, 0x000000008ef00000, 0x000000008ef00000|100%| E|CS|TAMS 0x000000008ee00000| PB 0x000000008ee00000| Complete 
| 239|0x000000008ef00000, 0x000000008f000000, 0x000000008f000000|100%| E|CS|TAMS 0x000000008ef00000| PB 0x000000008ef00000| Complete 
| 240|0x000000008f000000, 0x000000008f100000, 0x000000008f100000|100%| E|CS|TAMS 0x000000008f000000| PB 0x000000008f000000| Complete 
| 241|0x000000008f100000, 0x000000008f200000, 0x000000008f200000|100%| E|CS|TAMS 0x000000008f100000| PB 0x000000008f100000| Complete 
| 242|0x000000008f200000, 0x000000008f300000, 0x000000008f300000|100%| E|CS|TAMS 0x000000008f200000| PB 0x000000008f200000| Complete 
| 243|0x000000008f300000, 0x000000008f400000, 0x000000008f400000|100%| E|CS|TAMS 0x000000008f300000| PB 0x000000008f300000| Complete 
| 244|0x000000008f400000, 0x000000008f500000, 0x000000008f500000|100%| E|CS|TAMS 0x000000008f400000| PB 0x000000008f400000| Complete 
| 245|0x000000008f500000, 0x000000008f600000, 0x000000008f600000|100%| E|CS|TAMS 0x000000008f500000| PB 0x000000008f500000| Complete 
| 250|0x000000008fa00000, 0x000000008fafff78, 0x000000008fb00000| 99%| E|  |TAMS 0x000000008fa00000| PB 0x000000008fa00000| Complete 
| 251|0x000000008fb00000, 0x000000008fc00000, 0x000000008fc00000|100%| E|CS|TAMS 0x000000008fb00000| PB 0x000000008fb00000| Complete 
|2017|0x00000000fe100000, 0x00000000fe200000, 0x00000000fe200000|100%| E|CS|TAMS 0x00000000fe100000| PB 0x00000000fe100000| Complete 
|2018|0x00000000fe200000, 0x00000000fe300000, 0x00000000fe300000|100%| E|CS|TAMS 0x00000000fe200000| PB 0x00000000fe200000| Complete 
|2019|0x00000000fe300000, 0x00000000fe400000, 0x00000000fe400000|100%| O|  |TAMS 0x00000000fe300000| PB 0x00000000fe300000| Untracked 
|2020|0x00000000fe400000, 0x00000000fe500000, 0x00000000fe500000|100%| O|  |TAMS 0x00000000fe400000| PB 0x00000000fe400000| Complete 
|2021|0x00000000fe500000, 0x00000000fe600000, 0x00000000fe600000|100%| O|  |TAMS 0x00000000fe500000| PB 0x00000000fe500000| Untracked 
|2022|0x00000000fe600000, 0x00000000fe700000, 0x00000000fe700000|100%| O|  |TAMS 0x00000000fe600000| PB 0x00000000fe600000| Untracked 
|2023|0x00000000fe700000, 0x00000000fe800000, 0x00000000fe800000|100%| E|CS|TAMS 0x00000000fe700000| PB 0x00000000fe700000| Complete 
|2024|0x00000000fe800000, 0x00000000fe900000, 0x00000000fe900000|100%| O|  |TAMS 0x00000000fe800000| PB 0x00000000fe800000| Untracked 
|2025|0x00000000fe900000, 0x00000000fea00000, 0x00000000fea00000|100%| O|  |TAMS 0x00000000fe900000| PB 0x00000000fe900000| Untracked 
|2026|0x00000000fea00000, 0x00000000feb00000, 0x00000000feb00000|100%| O|  |TAMS 0x00000000fea00000| PB 0x00000000fea00000| Untracked 
|2027|0x00000000feb00000, 0x00000000fec00000, 0x00000000fec00000|100%| O|  |TAMS 0x00000000feb00000| PB 0x00000000feb00000| Untracked 
|2028|0x00000000fec00000, 0x00000000fed00000, 0x00000000fed00000|100%| O|  |TAMS 0x00000000fec00000| PB 0x00000000fec00000| Untracked 
|2029|0x00000000fed00000, 0x00000000fee00000, 0x00000000fee00000|100%| O|  |TAMS 0x00000000fed00000| PB 0x00000000fed00000| Untracked 
|2030|0x00000000fee00000, 0x00000000fef00000, 0x00000000fef00000|100%| O|  |TAMS 0x00000000fee00000| PB 0x00000000fee00000| Untracked 
|2031|0x00000000fef00000, 0x00000000ff000000, 0x00000000ff000000|100%| O|  |TAMS 0x00000000fef00000| PB 0x00000000fef00000| Untracked 
|2032|0x00000000ff000000, 0x00000000ff100000, 0x00000000ff100000|100%| O|  |TAMS 0x00000000ff000000| PB 0x00000000ff000000| Untracked 
|2033|0x00000000ff100000, 0x00000000ff200000, 0x00000000ff200000|100%| O|  |TAMS 0x00000000ff100000| PB 0x00000000ff100000| Untracked 
|2034|0x00000000ff200000, 0x00000000ff300000, 0x00000000ff300000|100%| O|  |TAMS 0x00000000ff200000| PB 0x00000000ff200000| Untracked 
|2035|0x00000000ff300000, 0x00000000ff400000, 0x00000000ff400000|100%| E|CS|TAMS 0x00000000ff300000| PB 0x00000000ff300000| Complete 
|2036|0x00000000ff400000, 0x00000000ff500000, 0x00000000ff500000|100%| E|CS|TAMS 0x00000000ff400000| PB 0x00000000ff400000| Complete 
|2037|0x00000000ff500000, 0x00000000ff600000, 0x00000000ff600000|100%| O|  |TAMS 0x00000000ff500000| PB 0x00000000ff500000| Untracked 
|2038|0x00000000ff600000, 0x00000000ff700000, 0x00000000ff700000|100%| O|  |TAMS 0x00000000ff600000| PB 0x00000000ff600000| Untracked 
|2039|0x00000000ff700000, 0x00000000ff800000, 0x00000000ff800000|100%| O|  |TAMS 0x00000000ff700000| PB 0x00000000ff700000| Untracked 
|2040|0x00000000ff800000, 0x00000000ff900000, 0x00000000ff900000|100%| O|  |TAMS 0x00000000ff800000| PB 0x00000000ff800000| Untracked 
|2041|0x00000000ff900000, 0x00000000ffa00000, 0x00000000ffa00000|100%| O|  |TAMS 0x00000000ff900000| PB 0x00000000ff900000| Untracked 
|2042|0x00000000ffa00000, 0x00000000ffb00000, 0x00000000ffb00000|100%| O|  |TAMS 0x00000000ffa00000| PB 0x00000000ffa00000| Untracked 
|2043|0x00000000ffb00000, 0x00000000ffc00000, 0x00000000ffc00000|100%| O|  |TAMS 0x00000000ffb00000| PB 0x00000000ffb00000| Untracked 
|2044|0x00000000ffc00000, 0x00000000ffd00000, 0x00000000ffd00000|100%| O|  |TAMS 0x00000000ffc00000| PB 0x00000000ffc00000| Untracked 
|2045|0x00000000ffd00000, 0x00000000ffe00000, 0x00000000ffe00000|100%| O|  |TAMS 0x00000000ffd00000| PB 0x00000000ffd00000| Untracked 
|2046|0x00000000ffe00000, 0x00000000fff00000, 0x00000000fff00000|100%| O|  |TAMS 0x00000000ffe00000| PB 0x00000000ffe00000| Untracked 
|2047|0x00000000fff00000, 0x0000000100000000, 0x0000000100000000|100%| O|  |TAMS 0x00000000fff00000| PB 0x00000000fff00000| Untracked 

Card table byte_map: [0x00000245b4fa0000,0x00000245b53a0000] _byte_map_base: 0x00000245b4ba0000

Marking Bits: (CMBitMap*) 0x000002459d2d6c40
 Bits: [0x00000245b57a0000, 0x00000245b77a0000)

Polling page: 0x000002459b1c0000

Metaspace:

Usage:
  Non-class:    128.08 MB used.
      Class:     18.84 MB used.
       Both:    146.92 MB used.

Virtual space:
  Non-class space:      192.00 MB reserved,     129.38 MB ( 67%) committed,  3 nodes.
      Class space:        1.00 GB reserved,      20.19 MB (  2%) committed,  1 nodes.
             Both:        1.19 GB reserved,     149.56 MB ( 12%) committed. 

Chunk freelists:
   Non-Class:  1.97 MB
       Class:  3.67 MB
        Both:  5.64 MB

MaxMetaspaceSize: unlimited
CompressedClassSpaceSize: 1.00 GB
Initial GC threshold: 21.00 MB
Current GC threshold: 241.50 MB
CDS: on
MetaspaceReclaimPolicy: balanced
 - commit_granule_bytes: 65536.
 - commit_granule_words: 8192.
 - virtual_space_node_default_size: 8388608.
 - enlarge_chunks_in_place: 1.
 - new_chunks_are_fully_committed: 0.
 - uncommit_free_chunks: 1.
 - use_allocation_guard: 0.


Internal statistics:

num_allocs_failed_limit: 18.
num_arena_births: 4822.
num_arena_deaths: 0.
num_vsnodes_births: 4.
num_vsnodes_deaths: 0.
num_space_committed: 2390.
num_space_uncommitted: 0.
num_chunks_returned_to_freelist: 18.
num_chunks_taken_from_freelist: 11005.
num_chunk_merges: 9.
num_chunk_splits: 7795.
num_chunks_enlarged: 5520.
num_inconsistent_stats: 0.

CodeHeap 'non-profiled nmethods': size=119168Kb used=8782Kb max_used=8849Kb free=110385Kb
 bounds [0x00000245acec0000, 0x00000245ad770000, 0x00000245b4320000]
CodeHeap 'profiled nmethods': size=119104Kb used=37570Kb max_used=37570Kb free=81533Kb
 bounds [0x00000245a5320000, 0x00000245a77e0000, 0x00000245ac770000]
CodeHeap 'non-nmethods': size=7488Kb used=4126Kb max_used=4168Kb free=3361Kb
 bounds [0x00000245ac770000, 0x00000245acb90000, 0x00000245acec0000]
 total_blobs=17761 nmethods=16719 adapters=946
 compilation: enabled
              stopped_count=0, restarted_count=0
 full_count=0

Compilation events (20 events):
Event: 40.935 Thread 0x00000245c09823b0 nmethod 19151 0x00000245a53e1e10 code [0x00000245a53e1fa0, 0x00000245a53e2140]
Event: 40.935 Thread 0x00000245c09823b0 19156       3       org.gradle.internal.instantiation.generator.AsmBackedClassGenerator$ClassBuilderImpl$18::<init> (53 bytes)
Event: 40.935 Thread 0x00000245ba82fa40 nmethod 19154 0x00000245a53e1990 code [0x00000245a53e1b20, 0x00000245a53e1d20]
Event: 40.935 Thread 0x00000245ba82fa40 19157       3       org.gradle.internal.instantiation.generator.AsmBackedClassGenerator$ClassBuilderImpl::access$5800 (4 bytes)
Event: 40.935 Thread 0x00000245ba82fa40 nmethod 19157 0x00000245a6a6e410 code [0x00000245a6a6e5a0, 0x00000245a6a6e698]
Event: 40.935 Thread 0x00000245ba82fa40 19158       3       org.gradle.internal.instantiation.generator.AsmBackedClassGenerator$ClassBuilderImpl$$Lambda$151/0x00000008011c8b88::<init> (10 bytes)
Event: 40.936 Thread 0x00000245c55f1130 nmethod 19153 0x00000245a53e1590 code [0x00000245a53e1720, 0x00000245a53e18d8]
Event: 40.936 Thread 0x00000245ba82fa40 nmethod 19158 0x00000245a53e1190 code [0x00000245a53e1320, 0x00000245a53e14d8]
Event: 40.936 Thread 0x00000245ba82fa40 19160       3       org.gradle.internal.instantiation.generator.AsmBackedClassGenerator$ClassBuilderImpl::access$5700 (4 bytes)
Event: 40.936 Thread 0x00000245c55f1130 19159       3       org.gradle.internal.instantiation.generator.AsmBackedClassGenerator$ClassBuilderImpl$$Lambda$151/0x00000008011c8b88::emit (9 bytes)
Event: 40.936 Thread 0x00000245c09839f0 nmethod 19155 0x00000245a53e0d90 code [0x00000245a53e0f20, 0x00000245a53e10c0]
Event: 40.936 Thread 0x00000245c09839f0 19161       3       org.gradle.internal.instantiation.generator.AsmBackedClassGenerator$ClassBuilderImpl$$Lambda$152/0x00000008011c9258::<init> (10 bytes)
Event: 40.936 Thread 0x00000245c55f1130 nmethod 19159 0x00000245a53e0890 code [0x00000245a53e0a20, 0x00000245a53e0c20]
Event: 40.936 Thread 0x00000245ba82fa40 nmethod 19160 0x00000245a77bf110 code [0x00000245a77bf2a0, 0x00000245a77bf398]
Event: 40.936 Thread 0x00000245ba82fa40 19162       3       org.gradle.internal.instantiation.generator.AsmBackedClassGenerator$ClassBuilderImpl$20::<init> (159 bytes)
Event: 40.936 Thread 0x00000245c09839f0 nmethod 19161 0x00000245a77bf410 code [0x00000245a77bf5a0, 0x00000245a77bf758]
Event: 40.936 Thread 0x00000245c09823b0 nmethod 19156 0x00000245a77bf810 code [0x00000245a77bfaa0, 0x00000245a77c0998]
Event: 40.938 Thread 0x00000245ba82fa40 nmethod 19162 0x00000245a77c0e90 code [0x00000245a77c13c0, 0x00000245a77c4b30]
Event: 40.939 Thread 0x00000245c55f1130 19163       1       com.android.build.api.component.impl.ComponentImpl::getTaskContainer (5 bytes)
Event: 40.939 Thread 0x00000245c55f1130 nmethod 19163 0x00000245ad550f10 code [0x00000245ad551080, 0x00000245ad551148]

GC Heap History (20 events):
Event: 27.141 GC heap before
{Heap before GC invocations=32 (full 0):
 garbage-first heap   total 201728K, used 158063K [0x0000000080000000, 0x0000000100000000)
  region size 1024K, 42 young (43008K), 8 survivors (8192K)
 Metaspace       used 111647K, committed 113856K, reserved 1179648K
  class space    used 14271K, committed 15360K, reserved 1048576K
}
Event: 27.146 GC heap after
{Heap after GC invocations=33 (full 0):
 garbage-first heap   total 201728K, used 128655K [0x0000000080000000, 0x0000000100000000)
  region size 1024K, 5 young (5120K), 5 survivors (5120K)
 Metaspace       used 111647K, committed 113856K, reserved 1179648K
  class space    used 14271K, committed 15360K, reserved 1048576K
}
Event: 27.609 GC heap before
{Heap before GC invocations=34 (full 0):
 garbage-first heap   total 220160K, used 184975K [0x0000000080000000, 0x0000000100000000)
  region size 1024K, 55 young (56320K), 5 survivors (5120K)
 Metaspace       used 115334K, committed 117632K, reserved 1179648K
  class space    used 14732K, committed 15872K, reserved 1048576K
}
Event: 27.612 GC heap after
{Heap after GC invocations=35 (full 0):
 garbage-first heap   total 220160K, used 139064K [0x0000000080000000, 0x0000000100000000)
  region size 1024K, 6 young (6144K), 6 survivors (6144K)
 Metaspace       used 115334K, committed 117632K, reserved 1179648K
  class space    used 14732K, committed 15872K, reserved 1048576K
}
Event: 28.097 GC heap before
{Heap before GC invocations=35 (full 0):
 garbage-first heap   total 220160K, used 196408K [0x0000000080000000, 0x0000000100000000)
  region size 1024K, 62 young (63488K), 6 survivors (6144K)
 Metaspace       used 121202K, committed 123584K, reserved 1179648K
  class space    used 15451K, committed 16640K, reserved 1048576K
}
Event: 28.101 GC heap after
{Heap after GC invocations=36 (full 0):
 garbage-first heap   total 220160K, used 134100K [0x0000000080000000, 0x0000000100000000)
  region size 1024K, 3 young (3072K), 3 survivors (3072K)
 Metaspace       used 121202K, committed 123584K, reserved 1179648K
  class space    used 15451K, committed 16640K, reserved 1048576K
}
Event: 28.192 GC heap before
{Heap before GC invocations=36 (full 0):
 garbage-first heap   total 220160K, used 137172K [0x0000000080000000, 0x0000000100000000)
  region size 1024K, 7 young (7168K), 3 survivors (3072K)
 Metaspace       used 122361K, committed 124736K, reserved 1179648K
  class space    used 15569K, committed 16768K, reserved 1048576K
}
Event: 28.194 GC heap after
{Heap after GC invocations=37 (full 0):
 garbage-first heap   total 220160K, used 134757K [0x0000000080000000, 0x0000000100000000)
  region size 1024K, 4 young (4096K), 4 survivors (4096K)
 Metaspace       used 122361K, committed 124736K, reserved 1179648K
  class space    used 15569K, committed 16768K, reserved 1048576K
}
Event: 28.691 GC heap before
{Heap before GC invocations=38 (full 0):
 garbage-first heap   total 247808K, used 200293K [0x0000000080000000, 0x0000000100000000)
  region size 1024K, 65 young (66560K), 4 survivors (4096K)
 Metaspace       used 125957K, committed 128320K, reserved 1179648K
  class space    used 16043K, committed 17216K, reserved 1048576K
}
Event: 28.695 GC heap after
{Heap after GC invocations=39 (full 0):
 garbage-first heap   total 247808K, used 138456K [0x0000000080000000, 0x0000000100000000)
  region size 1024K, 9 young (9216K), 9 survivors (9216K)
 Metaspace       used 125957K, committed 128320K, reserved 1179648K
  class space    used 16043K, committed 17216K, reserved 1048576K
}
Event: 32.508 GC heap before
{Heap before GC invocations=39 (full 0):
 garbage-first heap   total 247808K, used 218328K [0x0000000080000000, 0x0000000100000000)
  region size 1024K, 83 young (84992K), 9 survivors (9216K)
 Metaspace       used 131931K, committed 134400K, reserved 1179648K
  class space    used 16832K, committed 18112K, reserved 1048576K
}
Event: 32.519 GC heap after
{Heap after GC invocations=40 (full 0):
 garbage-first heap   total 247808K, used 139819K [0x0000000080000000, 0x0000000100000000)
  region size 1024K, 11 young (11264K), 11 survivors (11264K)
 Metaspace       used 131931K, committed 134400K, reserved 1179648K
  class space    used 16832K, committed 18112K, reserved 1048576K
}
Event: 37.853 GC heap before
{Heap before GC invocations=40 (full 0):
 garbage-first heap   total 247808K, used 179755K [0x0000000080000000, 0x0000000100000000)
  region size 1024K, 51 young (52224K), 11 survivors (11264K)
 Metaspace       used 132014K, committed 134528K, reserved 1179648K
  class space    used 16836K, committed 18112K, reserved 1048576K
}
Event: 37.859 GC heap after
{Heap after GC invocations=41 (full 0):
 garbage-first heap   total 247808K, used 145796K [0x0000000080000000, 0x0000000100000000)
  region size 1024K, 11 young (11264K), 11 survivors (11264K)
 Metaspace       used 132014K, committed 134528K, reserved 1179648K
  class space    used 16836K, committed 18112K, reserved 1048576K
}
Event: 38.012 GC heap before
{Heap before GC invocations=42 (full 0):
 garbage-first heap   total 285696K, used 220548K [0x0000000080000000, 0x0000000100000000)
  region size 1024K, 83 young (84992K), 11 survivors (11264K)
 Metaspace       used 132076K, committed 134592K, reserved 1179648K
  class space    used 16836K, committed 18112K, reserved 1048576K
}
Event: 38.018 GC heap after
{Heap after GC invocations=43 (full 0):
 garbage-first heap   total 285696K, used 152647K [0x0000000080000000, 0x0000000100000000)
  region size 1024K, 11 young (11264K), 11 survivors (11264K)
 Metaspace       used 132076K, committed 134592K, reserved 1179648K
  class space    used 16836K, committed 18112K, reserved 1048576K
}
Event: 39.437 GC heap before
{Heap before GC invocations=43 (full 0):
 garbage-first heap   total 285696K, used 246855K [0x0000000080000000, 0x0000000100000000)
  region size 1024K, 103 young (105472K), 11 survivors (11264K)
 Metaspace       used 138437K, committed 140928K, reserved 1179648K
  class space    used 17489K, committed 18752K, reserved 1048576K
}
Event: 39.449 GC heap after
{Heap after GC invocations=44 (full 0):
 garbage-first heap   total 285696K, used 157696K [0x0000000080000000, 0x0000000100000000)
  region size 1024K, 13 young (13312K), 13 survivors (13312K)
 Metaspace       used 138437K, committed 140928K, reserved 1179648K
  class space    used 17489K, committed 18752K, reserved 1048576K
}
Event: 40.385 GC heap before
{Heap before GC invocations=44 (full 0):
 garbage-first heap   total 285696K, used 251904K [0x0000000080000000, 0x0000000100000000)
  region size 1024K, 105 young (107520K), 13 survivors (13312K)
 Metaspace       used 145320K, committed 147968K, reserved 1179648K
  class space    used 18627K, committed 19968K, reserved 1048576K
}
Event: 40.391 GC heap after
{Heap after GC invocations=45 (full 0):
 garbage-first heap   total 285696K, used 154440K [0x0000000080000000, 0x0000000100000000)
  region size 1024K, 12 young (12288K), 12 survivors (12288K)
 Metaspace       used 145320K, committed 147968K, reserved 1179648K
  class space    used 18627K, committed 19968K, reserved 1048576K
}

Dll operation events (15 events):
Event: 0.006 Loaded shared library C:\Users\Mi\.jdks\openjdk-20.0.1\bin\java.dll
Event: 0.014 Loaded shared library C:\Users\Mi\.jdks\openjdk-20.0.1\bin\jsvml.dll
Event: 0.053 Loaded shared library C:\Users\Mi\.jdks\openjdk-20.0.1\bin\zip.dll
Event: 0.055 Loaded shared library C:\Users\Mi\.jdks\openjdk-20.0.1\bin\instrument.dll
Event: 0.059 Loaded shared library C:\Users\Mi\.jdks\openjdk-20.0.1\bin\net.dll
Event: 0.060 Loaded shared library C:\Users\Mi\.jdks\openjdk-20.0.1\bin\nio.dll
Event: 0.063 Loaded shared library C:\Users\Mi\.jdks\openjdk-20.0.1\bin\zip.dll
Event: 0.220 Loaded shared library C:\Users\Mi\.jdks\openjdk-20.0.1\bin\jimage.dll
Event: 0.259 Loaded shared library C:\Users\Mi\.jdks\openjdk-20.0.1\bin\verify.dll
Event: 0.372 Loaded shared library C:\Users\Mi\.gradle\native\c067742578af261105cb4f569cf0c3c89f3d7b1fecec35dd04571415982c5e48\windows-amd64\native-platform.dll
Event: 0.391 Loaded shared library C:\Users\Mi\.gradle\native\38dada09dfb8b06ba9b0570ebf7e218e3eb74d4ef43ca46872605cf95ebc2f47\windows-amd64\native-platform-file-events.dll
Event: 11.773 Loaded shared library C:\Users\Mi\.jdks\openjdk-20.0.1\bin\management.dll
Event: 11.775 Loaded shared library C:\Users\Mi\.jdks\openjdk-20.0.1\bin\management_ext.dll
Event: 11.921 Loaded shared library C:\Users\Mi\.jdks\openjdk-20.0.1\bin\extnet.dll
Event: 12.251 Loaded shared library C:\Users\Mi\.jdks\openjdk-20.0.1\bin\sunmscapi.dll

Deoptimization events (20 events):
Event: 40.732 Thread 0x00000245c2886510 DEOPT PACKING pc=0x00000245a777e2ee sp=0x0000009c508f84b0
Event: 40.732 Thread 0x00000245c2886510 DEOPT UNPACKING pc=0x00000245ac7da4c2 sp=0x0000009c508f7a60 mode 0
Event: 40.783 Thread 0x00000245c2886510 DEOPT PACKING pc=0x00000245a5ac4d81 sp=0x0000009c508f7d00
Event: 40.783 Thread 0x00000245c2886510 DEOPT UNPACKING pc=0x00000245ac7da4c2 sp=0x0000009c508f71f0 mode 0
Event: 40.802 Thread 0x00000245c2886510 DEOPT PACKING pc=0x00000245a777e2ee sp=0x0000009c508f81f0
Event: 40.802 Thread 0x00000245c2886510 DEOPT UNPACKING pc=0x00000245ac7da4c2 sp=0x0000009c508f77a0 mode 0
Event: 40.829 Thread 0x00000245c2886510 DEOPT PACKING pc=0x00000245a777e2ee sp=0x0000009c508f84b0
Event: 40.829 Thread 0x00000245c2886510 DEOPT UNPACKING pc=0x00000245ac7da4c2 sp=0x0000009c508f7a60 mode 0
Event: 40.829 Thread 0x00000245c2886510 Uncommon trap: trap_request=0xffffff45 fr.pc=0x00000245ad329158 relative=0x00000000000006d8
Event: 40.829 Thread 0x00000245c2886510 Uncommon trap: reason=unstable_if action=reinterpret pc=0x00000245ad329158 method=org.objectweb.asm.Frame.execute(IILorg/objectweb/asm/Symbol;Lorg/objectweb/asm/SymbolTable;)V @ 1 c2
Event: 40.829 Thread 0x00000245c2886510 DEOPT PACKING pc=0x00000245ad329158 sp=0x0000009c508f8080
Event: 40.829 Thread 0x00000245c2886510 DEOPT UNPACKING pc=0x00000245ac7d9d22 sp=0x0000009c508f8008 mode 2
Event: 40.864 Thread 0x00000245c2886510 DEOPT PACKING pc=0x00000245a777e7f5 sp=0x0000009c508f84b0
Event: 40.864 Thread 0x00000245c2886510 DEOPT UNPACKING pc=0x00000245ac7da4c2 sp=0x0000009c508f7a60 mode 0
Event: 40.896 Thread 0x00000245c2886510 DEOPT PACKING pc=0x00000245a777e2ee sp=0x0000009c508f8540
Event: 40.896 Thread 0x00000245c2886510 DEOPT UNPACKING pc=0x00000245ac7da4c2 sp=0x0000009c508f7af0 mode 0
Event: 40.908 Thread 0x00000245c2886510 DEOPT PACKING pc=0x00000245a777e7f5 sp=0x0000009c508f8540
Event: 40.908 Thread 0x00000245c2886510 DEOPT UNPACKING pc=0x00000245ac7da4c2 sp=0x0000009c508f7af0 mode 0
Event: 40.925 Thread 0x00000245c2886510 DEOPT PACKING pc=0x00000245a777e2ee sp=0x0000009c508f8540
Event: 40.925 Thread 0x00000245c2886510 DEOPT UNPACKING pc=0x00000245ac7da4c2 sp=0x0000009c508f7af0 mode 0

Classes loaded (20 events):
Event: 39.349 Loading class sun/reflect/generics/repository/FieldRepository
Event: 39.349 Loading class sun/reflect/generics/repository/FieldRepository done
Event: 39.358 Loading class jdk/internal/vm/annotation/ForceInline
Event: 39.358 Loading class jdk/internal/vm/annotation/ForceInline done
Event: 39.405 Loading class java/util/regex/Pattern$Caret
Event: 39.405 Loading class java/util/regex/Pattern$Caret done
Event: 40.580 Loading class java/io/SerialCallbackContext
Event: 40.580 Loading class java/io/SerialCallbackContext done
Event: 40.585 Loading class java/util/HashMap$UnsafeHolder
Event: 40.585 Loading class java/util/HashMap$UnsafeHolder done
Event: 40.618 Loading class java/util/concurrent/ConcurrentLinkedQueue$Itr
Event: 40.618 Loading class java/util/concurrent/ConcurrentLinkedQueue$Itr done
Event: 40.678 Loading class java/util/TreeMap$KeySpliterator
Event: 40.678 Loading class java/util/TreeMap$TreeMapSpliterator
Event: 40.678 Loading class java/util/TreeMap$TreeMapSpliterator done
Event: 40.678 Loading class java/util/TreeMap$KeySpliterator done
Event: 40.781 Loading class java/text/MessageFormat
Event: 40.782 Loading class java/text/MessageFormat done
Event: 40.782 Loading class java/text/MessageFormat$Field
Event: 40.782 Loading class java/text/MessageFormat$Field done

Classes unloaded (0 events):
No events

Classes redefined (0 events):
No events

Internal exceptions (20 events):
Event: 38.982 Thread 0x00000245bab06ec0 Exception <a 'java/lang/NoSuchMethodError'{0x000000008d209288}: 'int java.lang.invoke.DirectMethodHandle$Holder.invokeSpecialIFC(java.lang.Object, java.lang.Object, java.lang.Object, java.lang.Object, java.lang.Object)'> (0x000000008d209288) 
thrown [s\open\src\hotspot\share\interpreter\linkResolver.cpp, line 773]
Event: 39.208 Thread 0x00000245bab06ec0 Exception <a 'java/lang/NoSuchMethodError'{0x000000008baac1f8}: 'java.lang.Object java.lang.invoke.DirectMethodHandle$Holder.newInvokeSpecial(java.lang.Object, java.lang.Object, java.lang.Object, java.lang.Object, java.lang.Object, java.lang.Object, java.lang.Object, java.lang.Object, java.lang.Object, java.lang.Object, java.lang.Object, java.lang.Object, java.lang.Object, java.lang.Object, java.lang.Object)'> (0x000000008baac1f8) 
thrown [s\open\src\hotspot\share\interpreter\linkResolver.cpp, line 773]
Event: 39.359 Thread 0x00000245bab06ec0 Exception <a 'java/lang/NoSuchMethodError'{0x0000000089efb078}: 'void java.lang.invoke.Invokers$Holder.invokeExact_MT(java.lang.Object, java.lang.Object, java.lang.Object, java.lang.Object)'> (0x0000000089efb078) 
thrown [s\open\src\hotspot\share\interpreter\linkResolver.cpp, line 773]
Event: 39.905 Thread 0x00000245bab06ec0 Exception <a 'java/lang/NoSuchMethodError'{0x000000008d03caa0}: 'java.lang.Object java.lang.invoke.Invokers$Holder.invokeExact_MT(java.lang.Object, java.lang.Object, java.lang.Object, int, java.lang.Object, java.lang.Object)'> (0x000000008d03caa0) 
thrown [s\open\src\hotspot\share\interpreter\linkResolver.cpp, line 773]
Event: 40.051 Thread 0x00000245bab06ec0 Exception <a 'java/lang/ClassNotFoundException'{0x000000008bf68b98}: com/android/build/gradle/internal/api/ApkVariantOutputImpl_DecoratedBeanInfo> (0x000000008bf68b98) 
thrown [s\open\src\hotspot\share\classfile\systemDictionary.cpp, line 305]
Event: 40.051 Thread 0x00000245bab06ec0 Exception <a 'java/lang/ClassNotFoundException'{0x000000008bf766a8}: com/android/build/gradle/internal/api/ApkVariantOutputImplBeanInfo> (0x000000008bf766a8) 
thrown [s\open\src\hotspot\share\classfile\systemDictionary.cpp, line 305]
Event: 40.051 Thread 0x00000245bab06ec0 Exception <a 'java/lang/ClassNotFoundException'{0x000000008bf84460}: com/android/build/gradle/internal/api/BaseVariantOutputImplBeanInfo> (0x000000008bf84460) 
thrown [s\open\src\hotspot\share\classfile\systemDictionary.cpp, line 305]
Event: 40.052 Thread 0x00000245bab06ec0 Exception <a 'java/lang/ClassNotFoundException'{0x000000008bf91f80}: com/android/build/gradle/internal/api/BaseVariantOutputImplCustomizer> (0x000000008bf91f80) 
thrown [s\open\src\hotspot\share\classfile\systemDictionary.cpp, line 305]
Event: 40.053 Thread 0x00000245bab06ec0 Exception <a 'java/lang/ClassNotFoundException'{0x000000008bfb27c0}: com/android/build/gradle/internal/api/ApkVariantOutputImplCustomizer> (0x000000008bfb27c0) 
thrown [s\open\src\hotspot\share\classfile\systemDictionary.cpp, line 305]
Event: 40.054 Thread 0x00000245bab06ec0 Exception <a 'java/lang/ClassNotFoundException'{0x000000008bfce048}: com/android/build/gradle/internal/api/ApkVariantOutputImpl_DecoratedCustomizer> (0x000000008bfce048) 
thrown [s\open\src\hotspot\share\classfile\systemDictionary.cpp, line 305]
Event: 40.125 Thread 0x00000245bab06ec0 Exception <a 'java/lang/ClassNotFoundException'{0x000000008b6a4cb0}: com/android/build/gradle/internal/api/ReadOnlyBuildTypeBeanInfo> (0x000000008b6a4cb0) 
thrown [s\open\src\hotspot\share\classfile\systemDictionary.cpp, line 305]
Event: 40.125 Thread 0x00000245bab06ec0 Exception <a 'java/lang/ClassNotFoundException'{0x000000008b6b2768}: com/android/build/gradle/internal/api/ReadOnlyBaseConfigBeanInfo> (0x000000008b6b2768) 
thrown [s\open\src\hotspot\share\classfile\systemDictionary.cpp, line 305]
Event: 40.125 Thread 0x00000245bab06ec0 Exception <a 'java/lang/ClassNotFoundException'{0x000000008b6c0240}: com/android/build/gradle/internal/api/ReadOnlyBaseConfigCustomizer> (0x000000008b6c0240) 
thrown [s\open\src\hotspot\share\classfile\systemDictionary.cpp, line 305]
Event: 40.126 Thread 0x00000245bab06ec0 Exception <a 'java/lang/ClassNotFoundException'{0x000000008b6de870}: com/android/build/gradle/internal/api/ReadOnlyBuildTypeCustomizer> (0x000000008b6de870) 
thrown [s\open\src\hotspot\share\classfile\systemDictionary.cpp, line 305]
Event: 40.302 Thread 0x00000245bab06ec0 Implicit null exception at 0x00000245ad73e0c9 to 0x00000245ad73e158
Event: 40.580 Thread 0x00000245bab06ec0 Exception <a 'java/lang/NoSuchMethodError'{0x000000008e826ce0}: static Lcom/android/build/gradle/internal/profile/ProjectData;.<clinit>()V> (0x000000008e826ce0) 
thrown [s\open\src\hotspot\share\prims\jni.cpp, line 1105]
Event: 40.584 Thread 0x00000245bab06ec0 Exception <a 'java/lang/NoSuchMethodError'{0x000000008e875430}: static Lcom/android/build/gradle/internal/profile/TaskMetadata;.<clinit>()V> (0x000000008e875430) 
thrown [s\open\src\hotspot\share\prims\jni.cpp, line 1105]
Event: 40.616 Thread 0x00000245bab06ec0 Exception <a 'sun/nio/fs/WindowsException'{0x000000008e503168}> (0x000000008e503168) 
thrown [s\open\src\hotspot\share\prims\jni.cpp, line 519]
Event: 40.640 Thread 0x00000245c3b85a20 Exception <a 'java/lang/NoSuchMethodError'{0x000000008e00f648}: 'void java.lang.invoke.DirectMethodHandle$Holder.invokeSpecial(java.lang.Object, java.lang.Object, java.lang.Object, java.lang.Object, int, java.lang.Object, java.lang.Object)'> (0x000000008e00f648) 
thrown [s\open\src\hotspot\share\interpreter\linkResolver.cpp, line 773]
Event: 40.674 Thread 0x00000245c2886510 Exception <a 'java/lang/NoSuchMethodError'{0x000000008de57d78}: 'java.lang.Object java.lang.invoke.DirectMethodHandle$Holder.invokeVirtual(java.lang.Object, java.lang.Object, java.lang.Object, java.lang.Object, java.lang.Object, java.lang.Object, java.lang.Object, java.lang.Object, java.lang.Object, java.lang.Object, java.lang.Object, java.lang.Object, java.lang.Object, java.lang.Object, java.lang.Object, java.lang.Object, java.lang.Object, java.lang.Object, java.lang.Object)'> (0x000000008de57d78) 
thrown

VM Operations (20 events):
Event: 40.385 Executing VM operation: G1CollectForAllocation
Event: 40.391 Executing VM operation: G1CollectForAllocation done
Event: 40.404 Executing VM operation: HandshakeAllThreads
Event: 40.404 Executing VM operation: HandshakeAllThreads done
Event: 40.409 Executing VM operation: HandshakeAllThreads
Event: 40.409 Executing VM operation: HandshakeAllThreads done
Event: 40.431 Executing VM operation: G1PauseRemark
Event: 40.440 Executing VM operation: G1PauseRemark done
Event: 40.469 Executing VM operation: G1PauseCleanup
Event: 40.470 Executing VM operation: G1PauseCleanup done
Event: 40.671 Executing VM operation: HandshakeAllThreads
Event: 40.671 Executing VM operation: HandshakeAllThreads done
Event: 40.682 Executing VM operation: HandshakeAllThreads
Event: 40.682 Executing VM operation: HandshakeAllThreads done
Event: 40.690 Executing VM operation: HandshakeAllThreads
Event: 40.690 Executing VM operation: HandshakeAllThreads done
Event: 40.692 Executing VM operation: HandshakeAllThreads
Event: 40.692 Executing VM operation: HandshakeAllThreads done
Event: 40.743 Executing VM operation: HandshakeAllThreads
Event: 40.744 Executing VM operation: HandshakeAllThreads done

Events (20 events):
Event: 40.440 Thread 0x00000245ba811ce0 flushing nmethod 0x00000245aceda510
Event: 40.617 Thread 0x00000245c2884a80 Thread added: 0x00000245c2884a80
Event: 40.618 Thread 0x00000245c2885fc0 Thread added: 0x00000245c2885fc0
Event: 40.625 Thread 0x00000245c2886510 Thread added: 0x00000245c2886510
Event: 40.629 Thread 0x00000245c2886a60 Thread added: 0x00000245c2886a60
Event: 40.629 Thread 0x00000245c287fad0 Thread added: 0x00000245c287fad0
Event: 40.629 Thread 0x00000245c2880020 Thread added: 0x00000245c2880020
Event: 40.629 Thread 0x00000245c2880570 Thread added: 0x00000245c2880570
Event: 40.629 Thread 0x00000245c2880ac0 Thread added: 0x00000245c2880ac0
Event: 40.629 Thread 0x00000245c2881010 Thread added: 0x00000245c2881010
Event: 40.629 Thread 0x00000245c2881ab0 Thread added: 0x00000245c2881ab0
Event: 40.629 Thread 0x00000245c2882000 Thread added: 0x00000245c2882000
Event: 40.630 Thread 0x00000245c3b854d0 Thread added: 0x00000245c3b854d0
Event: 40.630 Thread 0x00000245c3b884a0 Thread added: 0x00000245c3b884a0
Event: 40.630 Thread 0x00000245c3b85a20 Thread added: 0x00000245c3b85a20
Event: 40.631 Thread 0x00000245c3b85f70 Thread added: 0x00000245c3b85f70
Event: 40.632 Thread 0x00000245c3b8af20 Thread added: 0x00000245c3b8af20
Event: 40.632 Thread 0x00000245c3b88f40 Thread added: 0x00000245c3b88f40
Event: 40.632 Thread 0x00000245c3b889f0 Thread added: 0x00000245c3b889f0
Event: 40.652 Thread 0x00000245c3b89490 Thread added: 0x00000245c3b89490


Dynamic libraries:
0x00007ff6880f0000 - 0x00007ff6880fe000 	C:\Users\Mi\.jdks\openjdk-20.0.1\bin\java.exe
0x00007ffc742b0000 - 0x00007ffc744c7000 	C:\Windows\SYSTEM32\ntdll.dll
0x00007ffc73ba0000 - 0x00007ffc73c64000 	C:\Windows\System32\KERNEL32.DLL
0x00007ffc717c0000 - 0x00007ffc71b6d000 	C:\Windows\System32\KERNELBASE.dll
0x00007ffc71ec0000 - 0x00007ffc71fd1000 	C:\Windows\System32\ucrtbase.dll
0x00007ffc65080000 - 0x00007ffc65097000 	C:\Users\Mi\.jdks\openjdk-20.0.1\bin\jli.dll
0x00007ffc67cc0000 - 0x00007ffc67cdb000 	C:\Users\Mi\.jdks\openjdk-20.0.1\bin\VCRUNTIME140.dll
0x00007ffc722a0000 - 0x00007ffc7244e000 	C:\Windows\System32\USER32.dll
0x00007ffc71600000 - 0x00007ffc71626000 	C:\Windows\System32\win32u.dll
0x00007ffc51f70000 - 0x00007ffc52203000 	C:\Windows\WinSxS\amd64_microsoft.windows.common-controls_6595b64144ccf1df_6.0.22621.3672_none_2713b9d173822955\COMCTL32.dll
0x00007ffc74240000 - 0x00007ffc74269000 	C:\Windows\System32\GDI32.dll
0x00007ffc73500000 - 0x00007ffc735a7000 	C:\Windows\System32\msvcrt.dll
0x00007ffc716a0000 - 0x00007ffc717b9000 	C:\Windows\System32\gdi32full.dll
0x00007ffc71b70000 - 0x00007ffc71c0a000 	C:\Windows\System32\msvcp_win.dll
0x00007ffc73d70000 - 0x00007ffc73da1000 	C:\Windows\System32\IMM32.DLL
0x00007ffc69e90000 - 0x00007ffc69e9c000 	C:\Users\Mi\.jdks\openjdk-20.0.1\bin\vcruntime140_1.dll
0x00007ffc4efa0000 - 0x00007ffc4f02e000 	C:\Users\Mi\.jdks\openjdk-20.0.1\bin\msvcp140.dll
0x00007ffc1ae80000 - 0x00007ffc1bb17000 	C:\Users\Mi\.jdks\openjdk-20.0.1\bin\server\jvm.dll
0x00007ffc73440000 - 0x00007ffc734f2000 	C:\Windows\System32\ADVAPI32.dll
0x00007ffc73af0000 - 0x00007ffc73b99000 	C:\Windows\System32\sechost.dll
0x00007ffc715d0000 - 0x00007ffc715f8000 	C:\Windows\System32\bcrypt.dll
0x00007ffc724f0000 - 0x00007ffc72604000 	C:\Windows\System32\RPCRT4.dll
0x00007ffc6bd80000 - 0x00007ffc6bdb4000 	C:\Windows\SYSTEM32\WINMM.dll
0x00007ffc51c30000 - 0x00007ffc51c39000 	C:\Windows\SYSTEM32\WSOCK32.dll
0x00007ffc69b20000 - 0x00007ffc69b2a000 	C:\Windows\SYSTEM32\VERSION.dll
0x00007ffc720c0000 - 0x00007ffc72131000 	C:\Windows\System32\WS2_32.dll
0x00007ffc706d0000 - 0x00007ffc706e8000 	C:\Windows\SYSTEM32\kernel.appcore.dll
0x00007ffc69db0000 - 0x00007ffc69dba000 	C:\Users\Mi\.jdks\openjdk-20.0.1\bin\jimage.dll
0x00007ffc68ce0000 - 0x00007ffc68f12000 	C:\Windows\SYSTEM32\DBGHELP.DLL
0x00007ffc73eb0000 - 0x00007ffc7423e000 	C:\Windows\System32\combase.dll
0x00007ffc71fe0000 - 0x00007ffc720b7000 	C:\Windows\System32\OLEAUT32.dll
0x00007ffc68ca0000 - 0x00007ffc68cd2000 	C:\Windows\SYSTEM32\dbgcore.DLL
0x00007ffc71c10000 - 0x00007ffc71c8b000 	C:\Windows\System32\bcryptPrimitives.dll
0x00007ffc50460000 - 0x00007ffc5046e000 	C:\Users\Mi\.jdks\openjdk-20.0.1\bin\instrument.dll
0x00007ffc4f890000 - 0x00007ffc4f8b6000 	C:\Users\Mi\.jdks\openjdk-20.0.1\bin\java.dll
0x00007ffc389c0000 - 0x00007ffc38a97000 	C:\Users\Mi\.jdks\openjdk-20.0.1\bin\jsvml.dll
0x00007ffc727f0000 - 0x00007ffc73057000 	C:\Windows\System32\SHELL32.dll
0x00007ffc6f500000 - 0x00007ffc6fdff000 	C:\Windows\SYSTEM32\windows.storage.dll
0x00007ffc6f3c0000 - 0x00007ffc6f4ff000 	C:\Windows\SYSTEM32\wintypes.dll
0x00007ffc73190000 - 0x00007ffc73289000 	C:\Windows\System32\SHCORE.dll
0x00007ffc73130000 - 0x00007ffc7318e000 	C:\Windows\System32\shlwapi.dll
0x00007ffc71500000 - 0x00007ffc71527000 	C:\Windows\SYSTEM32\profapi.dll
0x00007ffc4c220000 - 0x00007ffc4c238000 	C:\Users\Mi\.jdks\openjdk-20.0.1\bin\zip.dll
0x00007ffc4c720000 - 0x00007ffc4c733000 	C:\Users\Mi\.jdks\openjdk-20.0.1\bin\net.dll
0x00007ffc6dbb0000 - 0x00007ffc6dce6000 	C:\Windows\SYSTEM32\WINHTTP.dll
0x00007ffc70b30000 - 0x00007ffc70b99000 	C:\Windows\system32\mswsock.dll
0x00007ffc4c550000 - 0x00007ffc4c566000 	C:\Users\Mi\.jdks\openjdk-20.0.1\bin\nio.dll
0x00007ffc53410000 - 0x00007ffc53420000 	C:\Users\Mi\.jdks\openjdk-20.0.1\bin\verify.dll
0x00007ffc67d80000 - 0x00007ffc67da7000 	C:\Users\Mi\.gradle\native\c067742578af261105cb4f569cf0c3c89f3d7b1fecec35dd04571415982c5e48\windows-amd64\native-platform.dll
0x00007ffc2d650000 - 0x00007ffc2d794000 	C:\Users\Mi\.gradle\native\38dada09dfb8b06ba9b0570ebf7e218e3eb74d4ef43ca46872605cf95ebc2f47\windows-amd64\native-platform-file-events.dll
0x00007ffc51620000 - 0x00007ffc5162a000 	C:\Users\Mi\.jdks\openjdk-20.0.1\bin\management.dll
0x00007ffc50930000 - 0x00007ffc5093b000 	C:\Users\Mi\.jdks\openjdk-20.0.1\bin\management_ext.dll
0x00007ffc73db0000 - 0x00007ffc73db8000 	C:\Windows\System32\PSAPI.DLL
0x00007ffc70d60000 - 0x00007ffc70d7b000 	C:\Windows\SYSTEM32\CRYPTSP.dll
0x00007ffc70630000 - 0x00007ffc70665000 	C:\Windows\system32\rsaenh.dll
0x00007ffc70be0000 - 0x00007ffc70c08000 	C:\Windows\SYSTEM32\USERENV.dll
0x00007ffc70d80000 - 0x00007ffc70d8c000 	C:\Windows\SYSTEM32\CRYPTBASE.dll
0x00007ffc70060000 - 0x00007ffc7008d000 	C:\Windows\SYSTEM32\IPHLPAPI.DLL
0x00007ffc73dc0000 - 0x00007ffc73dc9000 	C:\Windows\System32\NSI.dll
0x00007ffc6ca40000 - 0x00007ffc6ca59000 	C:\Windows\SYSTEM32\dhcpcsvc6.DLL
0x00007ffc6ca20000 - 0x00007ffc6ca3f000 	C:\Windows\SYSTEM32\dhcpcsvc.DLL
0x00007ffc70090000 - 0x00007ffc70188000 	C:\Windows\SYSTEM32\DNSAPI.dll
0x00007ffc50800000 - 0x00007ffc50807000 	C:\Users\Mi\.jdks\openjdk-20.0.1\bin\extnet.dll
0x00007ffc66980000 - 0x00007ffc6698e000 	C:\Users\Mi\.jdks\openjdk-20.0.1\bin\sunmscapi.dll
0x00007ffc71c90000 - 0x00007ffc71df6000 	C:\Windows\System32\CRYPT32.dll
0x00007ffc70f90000 - 0x00007ffc70fbe000 	C:\Windows\SYSTEM32\ncrypt.dll
0x00007ffc70f50000 - 0x00007ffc70f87000 	C:\Windows\SYSTEM32\NTASN1.dll
0x00007ffc5db20000 - 0x00007ffc5db28000 	C:\Windows\system32\wshunix.dll

dbghelp: loaded successfully - version: 4.0.5 - missing functions: none
symbol engine: initialized successfully - sym options: 0x614 - pdb path: .;C:\Users\Mi\.jdks\openjdk-20.0.1\bin;C:\Windows\SYSTEM32;C:\Windows\WinSxS\amd64_microsoft.windows.common-controls_6595b64144ccf1df_6.0.22621.3672_none_2713b9d173822955;C:\Users\Mi\.jdks\openjdk-20.0.1\bin\server;C:\Users\Mi\.gradle\native\c067742578af261105cb4f569cf0c3c89f3d7b1fecec35dd04571415982c5e48\windows-amd64;C:\Users\Mi\.gradle\native\38dada09dfb8b06ba9b0570ebf7e218e3eb74d4ef43ca46872605cf95ebc2f47\windows-amd64

VM Arguments:
jvm_args: --add-opens=java.base/java.util=ALL-UNNAMED --add-opens=java.base/java.lang=ALL-UNNAMED --add-opens=java.base/java.lang.invoke=ALL-UNNAMED --add-opens=java.prefs/java.util.prefs=ALL-UNNAMED --add-opens=java.base/java.nio.charset=ALL-UNNAMED --add-opens=java.base/java.net=ALL-UNNAMED --add-opens=java.base/java.util.concurrent.atomic=ALL-UNNAMED -Xmx2048m -Dfile.encoding=UTF-8 -Duser.country=RU -Duser.language=ru -Duser.variant -javaagent:C:\Users\Mi\.gradle\wrapper\dists\gradle-8.7-bin\bhs2wmbdwecv87pi65oeuq5iu\gradle-8.7\lib\agents\gradle-instrumentation-agent-8.7.jar 
java_command: org.gradle.launcher.daemon.bootstrap.GradleDaemon 8.7
java_class_path (initial): C:\Users\Mi\.gradle\wrapper\dists\gradle-8.7-bin\bhs2wmbdwecv87pi65oeuq5iu\gradle-8.7\lib\gradle-launcher-8.7.jar
Launcher Type: SUN_STANDARD

[Global flags]
     intx CICompilerCount                          = 12                                        {product} {ergonomic}
     uint ConcGCThreads                            = 3                                         {product} {ergonomic}
     uint G1ConcRefinementThreads                  = 13                                        {product} {ergonomic}
   size_t G1HeapRegionSize                         = 1048576                                   {product} {ergonomic}
    uintx GCDrainStackTargetSize                   = 64                                        {product} {ergonomic}
   size_t InitialHeapSize                          = 264241152                                 {product} {ergonomic}
   size_t MarkStackSize                            = 4194304                                   {product} {ergonomic}
   size_t MaxHeapSize                              = 2147483648                                {product} {command line}
   size_t MaxNewSize                               = 1287651328                                {product} {ergonomic}
   size_t MinHeapDeltaBytes                        = 1048576                                   {product} {ergonomic}
   size_t MinHeapSize                              = 8388608                                   {product} {ergonomic}
    uintx NonNMethodCodeHeapSize                   = 7602480                                {pd product} {ergonomic}
    uintx NonProfiledCodeHeapSize                  = 122027880                              {pd product} {ergonomic}
    uintx ProfiledCodeHeapSize                     = 122027880                              {pd product} {ergonomic}
    uintx ReservedCodeCacheSize                    = 251658240                              {pd product} {ergonomic}
     bool SegmentedCodeCache                       = true                                      {product} {ergonomic}
   size_t SoftMaxHeapSize                          = 2147483648                             {manageable} {ergonomic}
     bool UseCompressedClassPointers               = true                           {product lp64_product} {ergonomic}
     bool UseCompressedOops                        = true                           {product lp64_product} {ergonomic}
     bool UseG1GC                                  = true                                      {product} {ergonomic}
     bool UseLargePagesIndividualAllocation        = false                                  {pd product} {ergonomic}

Logging:
Log output configuration:
 #0: stdout all=warning uptime,level,tags foldmultilines=false
 #1: stderr all=off uptime,level,tags foldmultilines=false

Environment Variables:
JAVA_HOME=C:\Users\Mi\.jdks\openjdk-20.0.1\
CLASSPATH=D:\Android_projects\\gradle\wrapper\gradle-wrapper.jar
PATH=C:\Users\Mi\Python\Scripts\;C:\Users\Mi\Python\;C:\Windows\system32;C:\Windows;C:\Windows\System32\Wbem;C:\Windows\System32\WindowsPowerShell\v1.0\;C:\Windows\System32\OpenSSH\;C:\Program Files\Git\cmd;C:\Program Files\Git\mingw64\bin;C:\Program Files\Git\usr\bin;C:\Program Files\apache-maven-3.9.2\bin;C:\Users\Mi\.jdks\openjdk-20.0.1\bin;C:\Program Files\dotnet\;C:\Program Files\Go\bin;C:\Program Files\PowerShell\7\;C:\Program Files\NVIDIA Corporation\NVIDIA NvDLISR;C:\Users\Mi\AppData\Local\Microsoft\WindowsApps;;D:\IntelliJ IDEA Community Edition 2023.1.1\bin;;C:\Users\Mi\VS_Code\Microsoft VS Code\bin;C:\Users\Mi\.dotnet\tools;C:\Users\Mi\go\bin;C:\Users\Mi\intelijIdeaUltimate\IntelliJ IDEA 2023.3.4\bin;;D:\DataGrip\DataGrip 2024.1.1\bin;
USERNAME=Mi
OS=Windows_NT
PROCESSOR_IDENTIFIER=Intel64 Family 6 Model 154 Stepping 3, GenuineIntel
TMP=C:\Users\Mi\AppData\Local\Temp
TEMP=C:\Users\Mi\AppData\Local\Temp




---------------  S Y S T E M  ---------------

OS:
 Windows 11 , 64 bit Build 22621 (10.0.22621.3958)
OS uptime: 7 days 9:32 hours
Hyper-V role detected

CPU: total 16 (initial active 16) (8 cores per cpu, 2 threads per core) family 6 model 154 stepping 3 microcode 0x421, cx8, cmov, fxsr, ht, mmx, 3dnowpref, sse, sse2, sse3, ssse3, sse4.1, sse4.2, popcnt, lzcnt, tsc, tscinvbit, avx, avx2, aes, erms, clmul, bmi1, bmi2, adx, sha, fma, vzeroupper, clflush, clflushopt, clwb, hv, serialize, rdtscp, rdpid, fsrm, f16c, cet_ibt, cet_ss

Memory: 4k page, system-wide physical 16091M (1993M free)
TotalPageFile size 18139M (AvailPageFile size 6M)
current process WorkingSet (physical memory assigned to process): 668M, peak: 670M
current process commit charge ("private bytes"): 726M, peak: 729M

vm_info: OpenJDK 64-Bit Server VM (20.0.1+9-29) for windows-amd64 JRE (20.0.1+9-29), built on 2023-03-07T13:56:11Z by "mach5one" with MS VC++ 17.1 (VS2022)

END.
